2023-12-08 14:38:32,967 - modifiedNet_bs64_ep300_train - INFO - Start training ...
2023-12-08 14:38:34,809 - modifiedNet_bs64_ep300_train - INFO - batch_size: 64
valid_size: 0.2
number_of_workers: 10
n_epochs: 300
train_on_gpu: True
optimizer: Adagrad (
Parameter Group 0
    differentiable: False
    eps: 1e-10
    foreach: None
    initial_accumulator_value: 0
    lr: 0.001
    lr_decay: 0
    maximize: False
    weight_decay: 0
)
criterion: CrossEntropyLoss()

2023-12-08 14:38:41,152 - modifiedNet_bs64_ep300_train - INFO - Epoch: 1
train_loss: 1.7231094459533691
valid_loss: 1.9680436809539794
train_accuracy: 0.19417500000000001
valid_accuracy: 0.313

2023-12-08 14:38:41,152 - modifiedNet_bs64_ep300_train - INFO - Validation loss decreased (1.968044 --> 1.968044).  Saving model ...
2023-12-08 14:38:47,409 - modifiedNet_bs64_ep300_train - INFO - Epoch: 2
train_loss: 1.6047175392150879
valid_loss: 1.8673369804382325
train_accuracy: 0.249
valid_accuracy: 0.334

2023-12-08 14:38:47,410 - modifiedNet_bs64_ep300_train - INFO - Validation loss decreased (1.867337 --> 1.867337).  Saving model ...
2023-12-08 14:38:53,890 - modifiedNet_bs64_ep300_train - INFO - Epoch: 3
train_loss: 1.5574783470153808
valid_loss: 1.8170695636749268
train_accuracy: 0.262875
valid_accuracy: 0.3481

2023-12-08 14:38:53,891 - modifiedNet_bs64_ep300_train - INFO - Validation loss decreased (1.817070 --> 1.817070).  Saving model ...
2023-12-08 14:38:59,653 - modifiedNet_bs64_ep300_train - INFO - Epoch: 4
train_loss: 1.527153471221924
valid_loss: 1.778538689994812
train_accuracy: 0.27955
valid_accuracy: 0.3568

2023-12-08 14:38:59,653 - modifiedNet_bs64_ep300_train - INFO - Validation loss decreased (1.778539 --> 1.778539).  Saving model ...
2023-12-08 14:39:05,590 - modifiedNet_bs64_ep300_train - INFO - Epoch: 5
train_loss: 1.5032502850341798
valid_loss: 1.7504958869934082
train_accuracy: 0.285175
valid_accuracy: 0.377

2023-12-08 14:39:05,590 - modifiedNet_bs64_ep300_train - INFO - Validation loss decreased (1.750496 --> 1.750496).  Saving model ...
2023-12-08 14:39:11,496 - modifiedNet_bs64_ep300_train - INFO - Epoch: 6
train_loss: 1.4824334930419922
valid_loss: 1.724734232711792
train_accuracy: 0.295875
valid_accuracy: 0.3788

2023-12-08 14:39:11,496 - modifiedNet_bs64_ep300_train - INFO - Validation loss decreased (1.724734 --> 1.724734).  Saving model ...
2023-12-08 14:39:17,939 - modifiedNet_bs64_ep300_train - INFO - Epoch: 7
train_loss: 1.4676287269592285
valid_loss: 1.7025871002197266
train_accuracy: 0.305475
valid_accuracy: 0.384

2023-12-08 14:39:17,939 - modifiedNet_bs64_ep300_train - INFO - Validation loss decreased (1.702587 --> 1.702587).  Saving model ...
2023-12-08 14:39:23,973 - modifiedNet_bs64_ep300_train - INFO - Epoch: 8
train_loss: 1.4560434635925292
valid_loss: 1.6917122222900391
train_accuracy: 0.30885
valid_accuracy: 0.3832

2023-12-08 14:39:23,973 - modifiedNet_bs64_ep300_train - INFO - Validation loss decreased (1.691712 --> 1.691712).  Saving model ...
2023-12-08 14:39:30,416 - modifiedNet_bs64_ep300_train - INFO - Epoch: 9
train_loss: 1.4414448832702638
valid_loss: 1.6718950551986695
train_accuracy: 0.316925
valid_accuracy: 0.3948

2023-12-08 14:39:30,416 - modifiedNet_bs64_ep300_train - INFO - Validation loss decreased (1.671895 --> 1.671895).  Saving model ...
2023-12-08 14:39:37,615 - modifiedNet_bs64_ep300_train - INFO - Epoch: 10
train_loss: 1.4289254942321776
valid_loss: 1.6575193906784058
train_accuracy: 0.3206
valid_accuracy: 0.3963

2023-12-08 14:39:37,615 - modifiedNet_bs64_ep300_train - INFO - Validation loss decreased (1.657519 --> 1.657519).  Saving model ...
2023-12-08 14:39:44,135 - modifiedNet_bs64_ep300_train - INFO - Epoch: 11
train_loss: 1.4198643395996093
valid_loss: 1.6459914009094239
train_accuracy: 0.32572500000000004
valid_accuracy: 0.3999

2023-12-08 14:39:44,135 - modifiedNet_bs64_ep300_train - INFO - Validation loss decreased (1.645991 --> 1.645991).  Saving model ...
2023-12-08 14:39:50,684 - modifiedNet_bs64_ep300_train - INFO - Epoch: 12
train_loss: 1.4103296223449706
valid_loss: 1.6337354509353639
train_accuracy: 0.334625
valid_accuracy: 0.4051

2023-12-08 14:39:50,684 - modifiedNet_bs64_ep300_train - INFO - Validation loss decreased (1.633735 --> 1.633735).  Saving model ...
2023-12-08 14:39:57,078 - modifiedNet_bs64_ep300_train - INFO - Epoch: 13
train_loss: 1.4066286535644532
valid_loss: 1.627730443572998
train_accuracy: 0.33282500000000004
valid_accuracy: 0.4077

2023-12-08 14:39:57,078 - modifiedNet_bs64_ep300_train - INFO - Validation loss decreased (1.627730 --> 1.627730).  Saving model ...
2023-12-08 14:40:03,456 - modifiedNet_bs64_ep300_train - INFO - Epoch: 14
train_loss: 1.3976454202270507
valid_loss: 1.6178347980499268
train_accuracy: 0.33482500000000004
valid_accuracy: 0.4133

2023-12-08 14:40:03,456 - modifiedNet_bs64_ep300_train - INFO - Validation loss decreased (1.617835 --> 1.617835).  Saving model ...
2023-12-08 14:40:09,767 - modifiedNet_bs64_ep300_train - INFO - Epoch: 15
train_loss: 1.3899282740783692
valid_loss: 1.6054305166244507
train_accuracy: 0.34205
valid_accuracy: 0.4147

2023-12-08 14:40:09,767 - modifiedNet_bs64_ep300_train - INFO - Validation loss decreased (1.605431 --> 1.605431).  Saving model ...
2023-12-08 14:40:16,453 - modifiedNet_bs64_ep300_train - INFO - Epoch: 16
train_loss: 1.3883907096862793
valid_loss: 1.5985282199859618
train_accuracy: 0.345775
valid_accuracy: 0.4191

2023-12-08 14:40:16,453 - modifiedNet_bs64_ep300_train - INFO - Validation loss decreased (1.598528 --> 1.598528).  Saving model ...
2023-12-08 14:40:23,325 - modifiedNet_bs64_ep300_train - INFO - Epoch: 17
train_loss: 1.377593861694336
valid_loss: 1.5899675590515137
train_accuracy: 0.35202500000000003
valid_accuracy: 0.4193

2023-12-08 14:40:23,325 - modifiedNet_bs64_ep300_train - INFO - Validation loss decreased (1.589968 --> 1.589968).  Saving model ...
2023-12-08 14:40:30,270 - modifiedNet_bs64_ep300_train - INFO - Epoch: 18
train_loss: 1.3723525410461426
valid_loss: 1.5845358350753784
train_accuracy: 0.352225
valid_accuracy: 0.4221

2023-12-08 14:40:30,271 - modifiedNet_bs64_ep300_train - INFO - Validation loss decreased (1.584536 --> 1.584536).  Saving model ...
2023-12-08 14:40:37,240 - modifiedNet_bs64_ep300_train - INFO - Epoch: 19
train_loss: 1.37082757522583
valid_loss: 1.5810970634460448
train_accuracy: 0.354725
valid_accuracy: 0.417

2023-12-08 14:40:37,240 - modifiedNet_bs64_ep300_train - INFO - Validation loss decreased (1.581097 --> 1.581097).  Saving model ...
2023-12-08 14:40:44,355 - modifiedNet_bs64_ep300_train - INFO - Epoch: 20
train_loss: 1.3659570848083495
valid_loss: 1.575408289718628
train_accuracy: 0.356675
valid_accuracy: 0.4222

2023-12-08 14:40:44,355 - modifiedNet_bs64_ep300_train - INFO - Validation loss decreased (1.575408 --> 1.575408).  Saving model ...
2023-12-08 14:40:51,091 - modifiedNet_bs64_ep300_train - INFO - Epoch: 21
train_loss: 1.3618834281921386
valid_loss: 1.5687282144546508
train_accuracy: 0.35725
valid_accuracy: 0.4284

2023-12-08 14:40:51,092 - modifiedNet_bs64_ep300_train - INFO - Validation loss decreased (1.568728 --> 1.568728).  Saving model ...
2023-12-08 14:40:59,308 - modifiedNet_bs64_ep300_train - INFO - Epoch: 22
train_loss: 1.3551982374572753
valid_loss: 1.5598784219741821
train_accuracy: 0.361675
valid_accuracy: 0.4275

2023-12-08 14:40:59,308 - modifiedNet_bs64_ep300_train - INFO - Validation loss decreased (1.559878 --> 1.559878).  Saving model ...
2023-12-08 14:41:07,024 - modifiedNet_bs64_ep300_train - INFO - Epoch: 23
train_loss: 1.3520980444335937
valid_loss: 1.5614085514068603
train_accuracy: 0.36412500000000003
valid_accuracy: 0.4264

2023-12-08 14:41:14,222 - modifiedNet_bs64_ep300_train - INFO - Epoch: 24
train_loss: 1.3469412869262696
valid_loss: 1.5486470935821532
train_accuracy: 0.3635
valid_accuracy: 0.4245

2023-12-08 14:41:14,223 - modifiedNet_bs64_ep300_train - INFO - Validation loss decreased (1.548647 --> 1.548647).  Saving model ...
2023-12-08 14:41:21,554 - modifiedNet_bs64_ep300_train - INFO - Epoch: 25
train_loss: 1.3413497918701172
valid_loss: 1.5530596019744873
train_accuracy: 0.369775
valid_accuracy: 0.4266

2023-12-08 14:41:29,006 - modifiedNet_bs64_ep300_train - INFO - Epoch: 26
train_loss: 1.3410427178955078
valid_loss: 1.5437884035110474
train_accuracy: 0.370925
valid_accuracy: 0.4307

2023-12-08 14:41:29,006 - modifiedNet_bs64_ep300_train - INFO - Validation loss decreased (1.543788 --> 1.543788).  Saving model ...
2023-12-08 14:41:36,465 - modifiedNet_bs64_ep300_train - INFO - Epoch: 27
train_loss: 1.3386039179992675
valid_loss: 1.5385008890151977
train_accuracy: 0.368225
valid_accuracy: 0.438

2023-12-08 14:41:36,466 - modifiedNet_bs64_ep300_train - INFO - Validation loss decreased (1.538501 --> 1.538501).  Saving model ...
2023-12-08 14:41:43,493 - modifiedNet_bs64_ep300_train - INFO - Epoch: 28
train_loss: 1.337107888946533
valid_loss: 1.5331503099441528
train_accuracy: 0.37175
valid_accuracy: 0.4345

2023-12-08 14:41:43,493 - modifiedNet_bs64_ep300_train - INFO - Validation loss decreased (1.533150 --> 1.533150).  Saving model ...
2023-12-08 14:41:50,342 - modifiedNet_bs64_ep300_train - INFO - Epoch: 29
train_loss: 1.3316613188171387
valid_loss: 1.5292800106048583
train_accuracy: 0.3789
valid_accuracy: 0.4386

2023-12-08 14:41:50,342 - modifiedNet_bs64_ep300_train - INFO - Validation loss decreased (1.529280 --> 1.529280).  Saving model ...
2023-12-08 14:41:57,199 - modifiedNet_bs64_ep300_train - INFO - Epoch: 30
train_loss: 1.329824907989502
valid_loss: 1.5315821653366088
train_accuracy: 0.37370000000000003
valid_accuracy: 0.4344

2023-12-08 14:42:03,981 - modifiedNet_bs64_ep300_train - INFO - Epoch: 31
train_loss: 1.3226495973205565
valid_loss: 1.52566694316864
train_accuracy: 0.37812500000000004
valid_accuracy: 0.4392

2023-12-08 14:42:03,981 - modifiedNet_bs64_ep300_train - INFO - Validation loss decreased (1.525667 --> 1.525667).  Saving model ...
2023-12-08 14:42:11,078 - modifiedNet_bs64_ep300_train - INFO - Epoch: 32
train_loss: 1.3228754429626466
valid_loss: 1.5220882583618165
train_accuracy: 0.381475
valid_accuracy: 0.4406

2023-12-08 14:42:11,079 - modifiedNet_bs64_ep300_train - INFO - Validation loss decreased (1.522088 --> 1.522088).  Saving model ...
2023-12-08 14:42:18,461 - modifiedNet_bs64_ep300_train - INFO - Epoch: 33
train_loss: 1.3197647059631348
valid_loss: 1.52059870262146
train_accuracy: 0.3811
valid_accuracy: 0.4389

2023-12-08 14:42:18,462 - modifiedNet_bs64_ep300_train - INFO - Validation loss decreased (1.520599 --> 1.520599).  Saving model ...
2023-12-08 14:42:25,577 - modifiedNet_bs64_ep300_train - INFO - Epoch: 34
train_loss: 1.3164309089660644
valid_loss: 1.5187086380004884
train_accuracy: 0.38480000000000003
valid_accuracy: 0.4416

2023-12-08 14:42:25,578 - modifiedNet_bs64_ep300_train - INFO - Validation loss decreased (1.518709 --> 1.518709).  Saving model ...
2023-12-08 14:42:32,992 - modifiedNet_bs64_ep300_train - INFO - Epoch: 35
train_loss: 1.3146892320251464
valid_loss: 1.512633510017395
train_accuracy: 0.38435
valid_accuracy: 0.4439

2023-12-08 14:42:32,992 - modifiedNet_bs64_ep300_train - INFO - Validation loss decreased (1.512634 --> 1.512634).  Saving model ...
2023-12-08 14:42:40,562 - modifiedNet_bs64_ep300_train - INFO - Epoch: 36
train_loss: 1.3125286994934082
valid_loss: 1.5135218936920165
train_accuracy: 0.384075
valid_accuracy: 0.4385

2023-12-08 14:42:47,619 - modifiedNet_bs64_ep300_train - INFO - Epoch: 37
train_loss: 1.3118983311462402
valid_loss: 1.5089146034240724
train_accuracy: 0.387525
valid_accuracy: 0.4475

2023-12-08 14:42:47,620 - modifiedNet_bs64_ep300_train - INFO - Validation loss decreased (1.508915 --> 1.508915).  Saving model ...
2023-12-08 14:42:54,618 - modifiedNet_bs64_ep300_train - INFO - Epoch: 38
train_loss: 1.3088948948669434
valid_loss: 1.5037661962509155
train_accuracy: 0.39082500000000003
valid_accuracy: 0.4443

2023-12-08 14:42:54,618 - modifiedNet_bs64_ep300_train - INFO - Validation loss decreased (1.503766 --> 1.503766).  Saving model ...
2023-12-08 14:43:01,786 - modifiedNet_bs64_ep300_train - INFO - Epoch: 39
train_loss: 1.3076794004821777
valid_loss: 1.5001677249908447
train_accuracy: 0.39005
valid_accuracy: 0.4438

2023-12-08 14:43:01,787 - modifiedNet_bs64_ep300_train - INFO - Validation loss decreased (1.500168 --> 1.500168).  Saving model ...
2023-12-08 14:43:08,900 - modifiedNet_bs64_ep300_train - INFO - Epoch: 40
train_loss: 1.303242953338623
valid_loss: 1.4981661687850951
train_accuracy: 0.38932500000000003
valid_accuracy: 0.4431

2023-12-08 14:43:08,900 - modifiedNet_bs64_ep300_train - INFO - Validation loss decreased (1.498166 --> 1.498166).  Saving model ...
2023-12-08 14:43:16,995 - modifiedNet_bs64_ep300_train - INFO - Epoch: 41
train_loss: 1.3027192565917969
valid_loss: 1.4960573671340942
train_accuracy: 0.38980000000000004
valid_accuracy: 0.4504

2023-12-08 14:43:16,995 - modifiedNet_bs64_ep300_train - INFO - Validation loss decreased (1.496057 --> 1.496057).  Saving model ...
2023-12-08 14:43:24,393 - modifiedNet_bs64_ep300_train - INFO - Epoch: 42
train_loss: 1.3033700561523438
valid_loss: 1.4985776435852052
train_accuracy: 0.39445
valid_accuracy: 0.448

2023-12-08 14:43:31,979 - modifiedNet_bs64_ep300_train - INFO - Epoch: 43
train_loss: 1.2967113250732423
valid_loss: 1.4963302497863769
train_accuracy: 0.3971
valid_accuracy: 0.4483

2023-12-08 14:43:40,138 - modifiedNet_bs64_ep300_train - INFO - Epoch: 44
train_loss: 1.2936793656921386
valid_loss: 1.4945738452911377
train_accuracy: 0.39955
valid_accuracy: 0.4535

2023-12-08 14:43:40,139 - modifiedNet_bs64_ep300_train - INFO - Validation loss decreased (1.494574 --> 1.494574).  Saving model ...
2023-12-08 14:43:47,841 - modifiedNet_bs64_ep300_train - INFO - Epoch: 45
train_loss: 1.2964173161315917
valid_loss: 1.4884076002120972
train_accuracy: 0.39780000000000004
valid_accuracy: 0.4516

2023-12-08 14:43:47,841 - modifiedNet_bs64_ep300_train - INFO - Validation loss decreased (1.488408 --> 1.488408).  Saving model ...
2023-12-08 14:43:54,712 - modifiedNet_bs64_ep300_train - INFO - Epoch: 46
train_loss: 1.294637359161377
valid_loss: 1.4883322559356689
train_accuracy: 0.398
valid_accuracy: 0.4515

2023-12-08 14:43:54,712 - modifiedNet_bs64_ep300_train - INFO - Validation loss decreased (1.488332 --> 1.488332).  Saving model ...
2023-12-08 14:44:01,775 - modifiedNet_bs64_ep300_train - INFO - Epoch: 47
train_loss: 1.2917546717834472
valid_loss: 1.4801043764114379
train_accuracy: 0.39945
valid_accuracy: 0.4538

2023-12-08 14:44:01,775 - modifiedNet_bs64_ep300_train - INFO - Validation loss decreased (1.480104 --> 1.480104).  Saving model ...
2023-12-08 14:44:08,704 - modifiedNet_bs64_ep300_train - INFO - Epoch: 48
train_loss: 1.2909054135131837
valid_loss: 1.4815223554611205
train_accuracy: 0.403525
valid_accuracy: 0.4555

2023-12-08 14:44:15,522 - modifiedNet_bs64_ep300_train - INFO - Epoch: 49
train_loss: 1.283868687133789
valid_loss: 1.475826350402832
train_accuracy: 0.4025
valid_accuracy: 0.4595

2023-12-08 14:44:15,523 - modifiedNet_bs64_ep300_train - INFO - Validation loss decreased (1.475826 --> 1.475826).  Saving model ...
2023-12-08 14:44:22,511 - modifiedNet_bs64_ep300_train - INFO - Epoch: 50
train_loss: 1.2884159519958496
valid_loss: 1.47656486492157
train_accuracy: 0.399175
valid_accuracy: 0.4546

2023-12-08 14:44:29,776 - modifiedNet_bs64_ep300_train - INFO - Epoch: 51
train_loss: 1.2857881958007813
valid_loss: 1.4733790084838867
train_accuracy: 0.4012
valid_accuracy: 0.4556

2023-12-08 14:44:29,776 - modifiedNet_bs64_ep300_train - INFO - Validation loss decreased (1.473379 --> 1.473379).  Saving model ...
2023-12-08 14:44:36,731 - modifiedNet_bs64_ep300_train - INFO - Epoch: 52
train_loss: 1.283153822631836
valid_loss: 1.4757070182800294
train_accuracy: 0.405775
valid_accuracy: 0.4504

2023-12-08 14:44:43,802 - modifiedNet_bs64_ep300_train - INFO - Epoch: 53
train_loss: 1.2820040411376954
valid_loss: 1.4710717582702637
train_accuracy: 0.404575
valid_accuracy: 0.4561

2023-12-08 14:44:43,803 - modifiedNet_bs64_ep300_train - INFO - Validation loss decreased (1.471072 --> 1.471072).  Saving model ...
2023-12-08 14:44:50,726 - modifiedNet_bs64_ep300_train - INFO - Epoch: 54
train_loss: 1.2794972900390624
valid_loss: 1.469807691192627
train_accuracy: 0.40332500000000004
valid_accuracy: 0.459

2023-12-08 14:44:50,726 - modifiedNet_bs64_ep300_train - INFO - Validation loss decreased (1.469808 --> 1.469808).  Saving model ...
2023-12-08 14:44:57,898 - modifiedNet_bs64_ep300_train - INFO - Epoch: 55
train_loss: 1.2776204470825194
valid_loss: 1.4691148628234862
train_accuracy: 0.405275
valid_accuracy: 0.4605

2023-12-08 14:44:57,898 - modifiedNet_bs64_ep300_train - INFO - Validation loss decreased (1.469115 --> 1.469115).  Saving model ...
2023-12-08 14:45:04,733 - modifiedNet_bs64_ep300_train - INFO - Epoch: 56
train_loss: 1.2776102188110352
valid_loss: 1.4679629070281983
train_accuracy: 0.40915
valid_accuracy: 0.4589

2023-12-08 14:45:04,733 - modifiedNet_bs64_ep300_train - INFO - Validation loss decreased (1.467963 --> 1.467963).  Saving model ...
2023-12-08 14:45:11,246 - modifiedNet_bs64_ep300_train - INFO - Epoch: 57
train_loss: 1.2734290867614746
valid_loss: 1.4649986444473266
train_accuracy: 0.4091
valid_accuracy: 0.4568

2023-12-08 14:45:11,246 - modifiedNet_bs64_ep300_train - INFO - Validation loss decreased (1.464999 --> 1.464999).  Saving model ...
2023-12-08 14:45:17,644 - modifiedNet_bs64_ep300_train - INFO - Epoch: 58
train_loss: 1.2728545584106445
valid_loss: 1.4612370613098145
train_accuracy: 0.411575
valid_accuracy: 0.4613

2023-12-08 14:45:17,644 - modifiedNet_bs64_ep300_train - INFO - Validation loss decreased (1.461237 --> 1.461237).  Saving model ...
2023-12-08 14:45:24,537 - modifiedNet_bs64_ep300_train - INFO - Epoch: 59
train_loss: 1.2701036039733886
valid_loss: 1.4601219287872313
train_accuracy: 0.410125
valid_accuracy: 0.4632

2023-12-08 14:45:24,537 - modifiedNet_bs64_ep300_train - INFO - Validation loss decreased (1.460122 --> 1.460122).  Saving model ...
2023-12-08 14:45:31,704 - modifiedNet_bs64_ep300_train - INFO - Epoch: 60
train_loss: 1.2708428135681151
valid_loss: 1.4621610792160034
train_accuracy: 0.410275
valid_accuracy: 0.4607

2023-12-08 14:45:38,665 - modifiedNet_bs64_ep300_train - INFO - Epoch: 61
train_loss: 1.270805580291748
valid_loss: 1.4566005853652955
train_accuracy: 0.410725
valid_accuracy: 0.4647

2023-12-08 14:45:38,665 - modifiedNet_bs64_ep300_train - INFO - Validation loss decreased (1.456601 --> 1.456601).  Saving model ...
2023-12-08 14:45:45,740 - modifiedNet_bs64_ep300_train - INFO - Epoch: 62
train_loss: 1.2725144116210938
valid_loss: 1.4576897268295288
train_accuracy: 0.41195000000000004
valid_accuracy: 0.4643

2023-12-08 14:45:53,007 - modifiedNet_bs64_ep300_train - INFO - Epoch: 63
train_loss: 1.2682496559143066
valid_loss: 1.455692024230957
train_accuracy: 0.41752500000000003
valid_accuracy: 0.4648

2023-12-08 14:45:53,007 - modifiedNet_bs64_ep300_train - INFO - Validation loss decreased (1.455692 --> 1.455692).  Saving model ...
2023-12-08 14:45:59,851 - modifiedNet_bs64_ep300_train - INFO - Epoch: 64
train_loss: 1.266665661315918
valid_loss: 1.4496583171844482
train_accuracy: 0.411575
valid_accuracy: 0.4632

2023-12-08 14:45:59,852 - modifiedNet_bs64_ep300_train - INFO - Validation loss decreased (1.449658 --> 1.449658).  Saving model ...
2023-12-08 14:46:06,771 - modifiedNet_bs64_ep300_train - INFO - Epoch: 65
train_loss: 1.2636065487670898
valid_loss: 1.451245651435852
train_accuracy: 0.4148
valid_accuracy: 0.4645

2023-12-08 14:46:13,567 - modifiedNet_bs64_ep300_train - INFO - Epoch: 66
train_loss: 1.2571421868896484
valid_loss: 1.4518258773803712
train_accuracy: 0.41800000000000004
valid_accuracy: 0.4665

2023-12-08 14:46:20,352 - modifiedNet_bs64_ep300_train - INFO - Epoch: 67
train_loss: 1.264946778717041
valid_loss: 1.4474807285308837
train_accuracy: 0.41402500000000003
valid_accuracy: 0.4731

2023-12-08 14:46:20,353 - modifiedNet_bs64_ep300_train - INFO - Validation loss decreased (1.447481 --> 1.447481).  Saving model ...
2023-12-08 14:46:27,343 - modifiedNet_bs64_ep300_train - INFO - Epoch: 68
train_loss: 1.260714470062256
valid_loss: 1.445406817817688
train_accuracy: 0.41515
valid_accuracy: 0.4666

2023-12-08 14:46:27,343 - modifiedNet_bs64_ep300_train - INFO - Validation loss decreased (1.445407 --> 1.445407).  Saving model ...
2023-12-08 14:46:34,361 - modifiedNet_bs64_ep300_train - INFO - Epoch: 69
train_loss: 1.2569669216918946
valid_loss: 1.4421271284103394
train_accuracy: 0.416325
valid_accuracy: 0.4656

2023-12-08 14:46:34,361 - modifiedNet_bs64_ep300_train - INFO - Validation loss decreased (1.442127 --> 1.442127).  Saving model ...
2023-12-08 14:46:41,271 - modifiedNet_bs64_ep300_train - INFO - Epoch: 70
train_loss: 1.2560045889282228
valid_loss: 1.4412770004272462
train_accuracy: 0.42150000000000004
valid_accuracy: 0.4702

2023-12-08 14:46:41,272 - modifiedNet_bs64_ep300_train - INFO - Validation loss decreased (1.441277 --> 1.441277).  Saving model ...
2023-12-08 14:46:48,321 - modifiedNet_bs64_ep300_train - INFO - Epoch: 71
train_loss: 1.2590845294189452
valid_loss: 1.4431199132919312
train_accuracy: 0.417675
valid_accuracy: 0.4693

2023-12-08 14:46:55,228 - modifiedNet_bs64_ep300_train - INFO - Epoch: 72
train_loss: 1.2519192936706542
valid_loss: 1.4402566133499146
train_accuracy: 0.42505000000000004
valid_accuracy: 0.4712

2023-12-08 14:46:55,229 - modifiedNet_bs64_ep300_train - INFO - Validation loss decreased (1.440257 --> 1.440257).  Saving model ...
2023-12-08 14:47:02,360 - modifiedNet_bs64_ep300_train - INFO - Epoch: 73
train_loss: 1.25540910446167
valid_loss: 1.4386668167114258
train_accuracy: 0.42335
valid_accuracy: 0.4674

2023-12-08 14:47:02,360 - modifiedNet_bs64_ep300_train - INFO - Validation loss decreased (1.438667 --> 1.438667).  Saving model ...
2023-12-08 14:47:09,254 - modifiedNet_bs64_ep300_train - INFO - Epoch: 74
train_loss: 1.2521049183654784
valid_loss: 1.4387795917510986
train_accuracy: 0.422825
valid_accuracy: 0.4721

2023-12-08 14:47:16,203 - modifiedNet_bs64_ep300_train - INFO - Epoch: 75
train_loss: 1.2549871115112305
valid_loss: 1.4365545331954956
train_accuracy: 0.42050000000000004
valid_accuracy: 0.4719

2023-12-08 14:47:16,203 - modifiedNet_bs64_ep300_train - INFO - Validation loss decreased (1.436555 --> 1.436555).  Saving model ...
2023-12-08 14:47:22,405 - modifiedNet_bs64_ep300_train - INFO - Epoch: 76
train_loss: 1.2518490411376952
valid_loss: 1.4334465589523315
train_accuracy: 0.4254
valid_accuracy: 0.4717

2023-12-08 14:47:22,405 - modifiedNet_bs64_ep300_train - INFO - Validation loss decreased (1.433447 --> 1.433447).  Saving model ...
2023-12-08 14:47:28,748 - modifiedNet_bs64_ep300_train - INFO - Epoch: 77
train_loss: 1.2457467665100097
valid_loss: 1.4339680517196656
train_accuracy: 0.42625
valid_accuracy: 0.4776

2023-12-08 14:47:35,330 - modifiedNet_bs64_ep300_train - INFO - Epoch: 78
train_loss: 1.245428569946289
valid_loss: 1.4297052249908446
train_accuracy: 0.427325
valid_accuracy: 0.4797

2023-12-08 14:47:35,331 - modifiedNet_bs64_ep300_train - INFO - Validation loss decreased (1.429705 --> 1.429705).  Saving model ...
2023-12-08 14:47:42,238 - modifiedNet_bs64_ep300_train - INFO - Epoch: 79
train_loss: 1.2503050369262696
valid_loss: 1.4305746505737305
train_accuracy: 0.4234
valid_accuracy: 0.4716

2023-12-08 14:47:48,997 - modifiedNet_bs64_ep300_train - INFO - Epoch: 80
train_loss: 1.2462765672302245
valid_loss: 1.4277285976409912
train_accuracy: 0.42625
valid_accuracy: 0.4748

2023-12-08 14:47:48,998 - modifiedNet_bs64_ep300_train - INFO - Validation loss decreased (1.427729 --> 1.427729).  Saving model ...
2023-12-08 14:47:55,451 - modifiedNet_bs64_ep300_train - INFO - Epoch: 81
train_loss: 1.2488470175170898
valid_loss: 1.4327931171417236
train_accuracy: 0.426225
valid_accuracy: 0.4737

2023-12-08 14:48:01,658 - modifiedNet_bs64_ep300_train - INFO - Epoch: 82
train_loss: 1.2487557704162597
valid_loss: 1.4280017219543457
train_accuracy: 0.42325
valid_accuracy: 0.473

2023-12-08 14:48:08,149 - modifiedNet_bs64_ep300_train - INFO - Epoch: 83
train_loss: 1.2456683361816405
valid_loss: 1.4295491779327392
train_accuracy: 0.42605000000000004
valid_accuracy: 0.4779

2023-12-08 14:48:14,498 - modifiedNet_bs64_ep300_train - INFO - Epoch: 84
train_loss: 1.244677163848877
valid_loss: 1.4313159452438355
train_accuracy: 0.42825
valid_accuracy: 0.4745

2023-12-08 14:48:21,128 - modifiedNet_bs64_ep300_train - INFO - Epoch: 85
train_loss: 1.2443652290344238
valid_loss: 1.4268527011871337
train_accuracy: 0.42945
valid_accuracy: 0.4776

2023-12-08 14:48:21,128 - modifiedNet_bs64_ep300_train - INFO - Validation loss decreased (1.426853 --> 1.426853).  Saving model ...
2023-12-08 14:48:27,595 - modifiedNet_bs64_ep300_train - INFO - Epoch: 86
train_loss: 1.24255353805542
valid_loss: 1.4231653968811036
train_accuracy: 0.43057500000000004
valid_accuracy: 0.4786

2023-12-08 14:48:27,595 - modifiedNet_bs64_ep300_train - INFO - Validation loss decreased (1.423165 --> 1.423165).  Saving model ...
2023-12-08 14:48:34,185 - modifiedNet_bs64_ep300_train - INFO - Epoch: 87
train_loss: 1.2412558186340332
valid_loss: 1.4226555763244628
train_accuracy: 0.429325
valid_accuracy: 0.4724

2023-12-08 14:48:34,186 - modifiedNet_bs64_ep300_train - INFO - Validation loss decreased (1.422656 --> 1.422656).  Saving model ...
2023-12-08 14:48:41,245 - modifiedNet_bs64_ep300_train - INFO - Epoch: 88
train_loss: 1.2396071250915528
valid_loss: 1.421828060722351
train_accuracy: 0.4328
valid_accuracy: 0.4797

2023-12-08 14:48:41,245 - modifiedNet_bs64_ep300_train - INFO - Validation loss decreased (1.421828 --> 1.421828).  Saving model ...
2023-12-08 14:48:47,925 - modifiedNet_bs64_ep300_train - INFO - Epoch: 89
train_loss: 1.2403510623168945
valid_loss: 1.4207130556106566
train_accuracy: 0.43005000000000004
valid_accuracy: 0.479

2023-12-08 14:48:47,926 - modifiedNet_bs64_ep300_train - INFO - Validation loss decreased (1.420713 --> 1.420713).  Saving model ...
2023-12-08 14:48:54,844 - modifiedNet_bs64_ep300_train - INFO - Epoch: 90
train_loss: 1.2352418774414062
valid_loss: 1.418979398727417
train_accuracy: 0.43155000000000004
valid_accuracy: 0.477

2023-12-08 14:48:54,844 - modifiedNet_bs64_ep300_train - INFO - Validation loss decreased (1.418979 --> 1.418979).  Saving model ...
2023-12-08 14:49:01,724 - modifiedNet_bs64_ep300_train - INFO - Epoch: 91
train_loss: 1.2355312460327148
valid_loss: 1.4161757495880127
train_accuracy: 0.43112500000000004
valid_accuracy: 0.4805

2023-12-08 14:49:01,724 - modifiedNet_bs64_ep300_train - INFO - Validation loss decreased (1.416176 --> 1.416176).  Saving model ...
2023-12-08 14:49:08,944 - modifiedNet_bs64_ep300_train - INFO - Epoch: 92
train_loss: 1.2350778330993653
valid_loss: 1.4160840677261353
train_accuracy: 0.43385
valid_accuracy: 0.4846

2023-12-08 14:49:08,944 - modifiedNet_bs64_ep300_train - INFO - Validation loss decreased (1.416084 --> 1.416084).  Saving model ...
2023-12-08 14:49:16,215 - modifiedNet_bs64_ep300_train - INFO - Epoch: 93
train_loss: 1.2343816178894043
valid_loss: 1.41613216381073
train_accuracy: 0.434975
valid_accuracy: 0.4784

2023-12-08 14:49:23,262 - modifiedNet_bs64_ep300_train - INFO - Epoch: 94
train_loss: 1.2350631234741212
valid_loss: 1.4134733192443847
train_accuracy: 0.429725
valid_accuracy: 0.4792

2023-12-08 14:49:23,263 - modifiedNet_bs64_ep300_train - INFO - Validation loss decreased (1.413473 --> 1.413473).  Saving model ...
2023-12-08 14:49:30,307 - modifiedNet_bs64_ep300_train - INFO - Epoch: 95
train_loss: 1.2358189059448241
valid_loss: 1.4161523307800292
train_accuracy: 0.43267500000000003
valid_accuracy: 0.4722

2023-12-08 14:49:37,186 - modifiedNet_bs64_ep300_train - INFO - Epoch: 96
train_loss: 1.2305565957641602
valid_loss: 1.4129008171081543
train_accuracy: 0.43655
valid_accuracy: 0.4819

2023-12-08 14:49:37,186 - modifiedNet_bs64_ep300_train - INFO - Validation loss decreased (1.412901 --> 1.412901).  Saving model ...
2023-12-08 14:49:43,274 - modifiedNet_bs64_ep300_train - INFO - Epoch: 97
train_loss: 1.2314685232543945
valid_loss: 1.4101179553985597
train_accuracy: 0.43612500000000004
valid_accuracy: 0.4828

2023-12-08 14:49:43,274 - modifiedNet_bs64_ep300_train - INFO - Validation loss decreased (1.410118 --> 1.410118).  Saving model ...
2023-12-08 14:49:49,417 - modifiedNet_bs64_ep300_train - INFO - Epoch: 98
train_loss: 1.2324536938476562
valid_loss: 1.4128028156280517
train_accuracy: 0.43835
valid_accuracy: 0.4788

2023-12-08 14:49:55,642 - modifiedNet_bs64_ep300_train - INFO - Epoch: 99
train_loss: 1.2270226319885253
valid_loss: 1.4094307291030883
train_accuracy: 0.43875000000000003
valid_accuracy: 0.4858

2023-12-08 14:49:55,642 - modifiedNet_bs64_ep300_train - INFO - Validation loss decreased (1.409431 --> 1.409431).  Saving model ...
2023-12-08 14:50:01,754 - modifiedNet_bs64_ep300_train - INFO - Epoch: 100
train_loss: 1.2269389118957519
valid_loss: 1.409626127243042
train_accuracy: 0.43870000000000003
valid_accuracy: 0.4806

2023-12-08 14:50:07,973 - modifiedNet_bs64_ep300_train - INFO - Epoch: 101
train_loss: 1.2242016831970215
valid_loss: 1.4037036916732788
train_accuracy: 0.44430000000000003
valid_accuracy: 0.4855

2023-12-08 14:50:07,973 - modifiedNet_bs64_ep300_train - INFO - Validation loss decreased (1.403704 --> 1.403704).  Saving model ...
2023-12-08 14:50:14,444 - modifiedNet_bs64_ep300_train - INFO - Epoch: 102
train_loss: 1.2269668594360352
valid_loss: 1.4087905721664429
train_accuracy: 0.439275
valid_accuracy: 0.4853

2023-12-08 14:50:21,193 - modifiedNet_bs64_ep300_train - INFO - Epoch: 103
train_loss: 1.2254842475891112
valid_loss: 1.4092243278503418
train_accuracy: 0.4399
valid_accuracy: 0.4799

2023-12-08 14:50:27,529 - modifiedNet_bs64_ep300_train - INFO - Epoch: 104
train_loss: 1.2234532371520996
valid_loss: 1.402608706855774
train_accuracy: 0.439
valid_accuracy: 0.4836

2023-12-08 14:50:27,529 - modifiedNet_bs64_ep300_train - INFO - Validation loss decreased (1.402609 --> 1.402609).  Saving model ...
2023-12-08 14:50:33,691 - modifiedNet_bs64_ep300_train - INFO - Epoch: 105
train_loss: 1.2247024099731445
valid_loss: 1.4058092683792114
train_accuracy: 0.439775
valid_accuracy: 0.4865

2023-12-08 14:50:39,915 - modifiedNet_bs64_ep300_train - INFO - Epoch: 106
train_loss: 1.2221444668579102
valid_loss: 1.4057818672180176
train_accuracy: 0.4399
valid_accuracy: 0.4881

2023-12-08 14:50:46,225 - modifiedNet_bs64_ep300_train - INFO - Epoch: 107
train_loss: 1.221178476409912
valid_loss: 1.402572477722168
train_accuracy: 0.4415
valid_accuracy: 0.488

2023-12-08 14:50:46,225 - modifiedNet_bs64_ep300_train - INFO - Validation loss decreased (1.402572 --> 1.402572).  Saving model ...
2023-12-08 14:50:52,341 - modifiedNet_bs64_ep300_train - INFO - Epoch: 108
train_loss: 1.223904447479248
valid_loss: 1.4078395557403565
train_accuracy: 0.441025
valid_accuracy: 0.4844

2023-12-08 14:50:58,866 - modifiedNet_bs64_ep300_train - INFO - Epoch: 109
train_loss: 1.2180623831176758
valid_loss: 1.402253630065918
train_accuracy: 0.445025
valid_accuracy: 0.4918

2023-12-08 14:50:58,867 - modifiedNet_bs64_ep300_train - INFO - Validation loss decreased (1.402254 --> 1.402254).  Saving model ...
2023-12-08 14:51:06,091 - modifiedNet_bs64_ep300_train - INFO - Epoch: 110
train_loss: 1.2164088232421875
valid_loss: 1.3967847339630126
train_accuracy: 0.444375
valid_accuracy: 0.485

2023-12-08 14:51:06,092 - modifiedNet_bs64_ep300_train - INFO - Validation loss decreased (1.396785 --> 1.396785).  Saving model ...
2023-12-08 14:51:12,973 - modifiedNet_bs64_ep300_train - INFO - Epoch: 111
train_loss: 1.221046309814453
valid_loss: 1.4006116495132446
train_accuracy: 0.44022500000000003
valid_accuracy: 0.4917

2023-12-08 14:51:20,051 - modifiedNet_bs64_ep300_train - INFO - Epoch: 112
train_loss: 1.2193700926208495
valid_loss: 1.3915750413894654
train_accuracy: 0.44072500000000003
valid_accuracy: 0.4857

2023-12-08 14:51:20,052 - modifiedNet_bs64_ep300_train - INFO - Validation loss decreased (1.391575 --> 1.391575).  Saving model ...
2023-12-08 14:51:27,134 - modifiedNet_bs64_ep300_train - INFO - Epoch: 113
train_loss: 1.2163123426818847
valid_loss: 1.4039628103256225
train_accuracy: 0.446475
valid_accuracy: 0.4847

2023-12-08 14:51:34,054 - modifiedNet_bs64_ep300_train - INFO - Epoch: 114
train_loss: 1.2186324334716796
valid_loss: 1.3947572542190552
train_accuracy: 0.4433
valid_accuracy: 0.4903

2023-12-08 14:51:40,945 - modifiedNet_bs64_ep300_train - INFO - Epoch: 115
train_loss: 1.2204192477416993
valid_loss: 1.3998770238876344
train_accuracy: 0.44575000000000004
valid_accuracy: 0.4888

2023-12-08 14:51:48,006 - modifiedNet_bs64_ep300_train - INFO - Epoch: 116
train_loss: 1.2156066458129884
valid_loss: 1.3903881856918334
train_accuracy: 0.44020000000000004
valid_accuracy: 0.4848

2023-12-08 14:51:48,006 - modifiedNet_bs64_ep300_train - INFO - Validation loss decreased (1.390388 --> 1.390388).  Saving model ...
2023-12-08 14:51:55,004 - modifiedNet_bs64_ep300_train - INFO - Epoch: 117
train_loss: 1.216635918121338
valid_loss: 1.3964478870391845
train_accuracy: 0.44580000000000003
valid_accuracy: 0.4879

2023-12-08 14:52:01,966 - modifiedNet_bs64_ep300_train - INFO - Epoch: 118
train_loss: 1.2129913130187988
valid_loss: 1.3957610253334045
train_accuracy: 0.44525000000000003
valid_accuracy: 0.484

2023-12-08 14:52:09,307 - modifiedNet_bs64_ep300_train - INFO - Epoch: 119
train_loss: 1.212977593536377
valid_loss: 1.3950097339630128
train_accuracy: 0.448475
valid_accuracy: 0.4901

2023-12-08 14:52:15,509 - modifiedNet_bs64_ep300_train - INFO - Epoch: 120
train_loss: 1.212681954650879
valid_loss: 1.3883078496932983
train_accuracy: 0.443975
valid_accuracy: 0.4876

2023-12-08 14:52:15,509 - modifiedNet_bs64_ep300_train - INFO - Validation loss decreased (1.388308 --> 1.388308).  Saving model ...
2023-12-08 14:52:21,711 - modifiedNet_bs64_ep300_train - INFO - Epoch: 121
train_loss: 1.2106736947631835
valid_loss: 1.3905706003189087
train_accuracy: 0.44625000000000004
valid_accuracy: 0.4938

2023-12-08 14:52:27,978 - modifiedNet_bs64_ep300_train - INFO - Epoch: 122
train_loss: 1.215132347717285
valid_loss: 1.3946079273223877
train_accuracy: 0.4423
valid_accuracy: 0.4896

2023-12-08 14:52:34,121 - modifiedNet_bs64_ep300_train - INFO - Epoch: 123
train_loss: 1.2109435975646972
valid_loss: 1.3880954565048218
train_accuracy: 0.4461
valid_accuracy: 0.4874

2023-12-08 14:52:34,122 - modifiedNet_bs64_ep300_train - INFO - Validation loss decreased (1.388095 --> 1.388095).  Saving model ...
2023-12-08 14:52:40,771 - modifiedNet_bs64_ep300_train - INFO - Epoch: 124
train_loss: 1.2092796098327636
valid_loss: 1.3959910154342652
train_accuracy: 0.45120000000000005
valid_accuracy: 0.4947

2023-12-08 14:52:47,328 - modifiedNet_bs64_ep300_train - INFO - Epoch: 125
train_loss: 1.208563931427002
valid_loss: 1.389918186378479
train_accuracy: 0.446925
valid_accuracy: 0.4937

2023-12-08 14:52:53,523 - modifiedNet_bs64_ep300_train - INFO - Epoch: 126
train_loss: 1.207881326599121
valid_loss: 1.3880835041046142
train_accuracy: 0.44777500000000003
valid_accuracy: 0.4926

2023-12-08 14:52:53,523 - modifiedNet_bs64_ep300_train - INFO - Validation loss decreased (1.388084 --> 1.388084).  Saving model ...
2023-12-08 14:52:59,870 - modifiedNet_bs64_ep300_train - INFO - Epoch: 127
train_loss: 1.209304338684082
valid_loss: 1.385599338912964
train_accuracy: 0.44917500000000005
valid_accuracy: 0.4906

2023-12-08 14:52:59,870 - modifiedNet_bs64_ep300_train - INFO - Validation loss decreased (1.385599 --> 1.385599).  Saving model ...
2023-12-08 14:53:06,426 - modifiedNet_bs64_ep300_train - INFO - Epoch: 128
train_loss: 1.2098541926574706
valid_loss: 1.3887914556503296
train_accuracy: 0.44775000000000004
valid_accuracy: 0.4915

2023-12-08 14:53:12,811 - modifiedNet_bs64_ep300_train - INFO - Epoch: 129
train_loss: 1.2065874285888671
valid_loss: 1.3844305044174194
train_accuracy: 0.45275000000000004
valid_accuracy: 0.4939

2023-12-08 14:53:12,811 - modifiedNet_bs64_ep300_train - INFO - Validation loss decreased (1.384431 --> 1.384431).  Saving model ...
2023-12-08 14:53:19,236 - modifiedNet_bs64_ep300_train - INFO - Epoch: 130
train_loss: 1.2040626042175293
valid_loss: 1.3813514190673828
train_accuracy: 0.45215
valid_accuracy: 0.4902

2023-12-08 14:53:19,237 - modifiedNet_bs64_ep300_train - INFO - Validation loss decreased (1.381351 --> 1.381351).  Saving model ...
2023-12-08 14:53:25,638 - modifiedNet_bs64_ep300_train - INFO - Epoch: 131
train_loss: 1.2050586344909668
valid_loss: 1.3827701620101929
train_accuracy: 0.450525
valid_accuracy: 0.4942

2023-12-08 14:53:32,313 - modifiedNet_bs64_ep300_train - INFO - Epoch: 132
train_loss: 1.2053246173095704
valid_loss: 1.388926765060425
train_accuracy: 0.451475
valid_accuracy: 0.4893

2023-12-08 14:53:38,969 - modifiedNet_bs64_ep300_train - INFO - Epoch: 133
train_loss: 1.2036002238464356
valid_loss: 1.381399834060669
train_accuracy: 0.45227500000000004
valid_accuracy: 0.4932

2023-12-08 14:53:46,154 - modifiedNet_bs64_ep300_train - INFO - Epoch: 134
train_loss: 1.2045421594238281
valid_loss: 1.3820301500320435
train_accuracy: 0.45122500000000004
valid_accuracy: 0.4933

2023-12-08 14:53:53,057 - modifiedNet_bs64_ep300_train - INFO - Epoch: 135
train_loss: 1.2040973574829101
valid_loss: 1.3783448472976685
train_accuracy: 0.453575
valid_accuracy: 0.4976

2023-12-08 14:53:53,057 - modifiedNet_bs64_ep300_train - INFO - Validation loss decreased (1.378345 --> 1.378345).  Saving model ...
2023-12-08 14:54:00,087 - modifiedNet_bs64_ep300_train - INFO - Epoch: 136
train_loss: 1.1994472679138184
valid_loss: 1.3780203109741211
train_accuracy: 0.4562
valid_accuracy: 0.4937

2023-12-08 14:54:00,087 - modifiedNet_bs64_ep300_train - INFO - Validation loss decreased (1.378020 --> 1.378020).  Saving model ...
2023-12-08 14:54:07,246 - modifiedNet_bs64_ep300_train - INFO - Epoch: 137
train_loss: 1.1975729916381836
valid_loss: 1.3776723754882811
train_accuracy: 0.45255
valid_accuracy: 0.4923

2023-12-08 14:54:07,247 - modifiedNet_bs64_ep300_train - INFO - Validation loss decreased (1.377672 --> 1.377672).  Saving model ...
2023-12-08 14:54:14,056 - modifiedNet_bs64_ep300_train - INFO - Epoch: 138
train_loss: 1.1998863955688477
valid_loss: 1.375897437286377
train_accuracy: 0.453675
valid_accuracy: 0.4964

2023-12-08 14:54:14,056 - modifiedNet_bs64_ep300_train - INFO - Validation loss decreased (1.375897 --> 1.375897).  Saving model ...
2023-12-08 14:54:21,077 - modifiedNet_bs64_ep300_train - INFO - Epoch: 139
train_loss: 1.2007274490356445
valid_loss: 1.3743286485671997
train_accuracy: 0.45545
valid_accuracy: 0.4996

2023-12-08 14:54:21,078 - modifiedNet_bs64_ep300_train - INFO - Validation loss decreased (1.374329 --> 1.374329).  Saving model ...
2023-12-08 14:54:27,982 - modifiedNet_bs64_ep300_train - INFO - Epoch: 140
train_loss: 1.2016592272949218
valid_loss: 1.3747386751174926
train_accuracy: 0.454075
valid_accuracy: 0.502

2023-12-08 14:54:34,667 - modifiedNet_bs64_ep300_train - INFO - Epoch: 141
train_loss: 1.2017163748168946
valid_loss: 1.367094602584839
train_accuracy: 0.45690000000000003
valid_accuracy: 0.4953

2023-12-08 14:54:34,667 - modifiedNet_bs64_ep300_train - INFO - Validation loss decreased (1.367095 --> 1.367095).  Saving model ...
2023-12-08 14:54:41,594 - modifiedNet_bs64_ep300_train - INFO - Epoch: 142
train_loss: 1.1992092283630371
valid_loss: 1.3730318923950195
train_accuracy: 0.456975
valid_accuracy: 0.4963

2023-12-08 14:54:47,750 - modifiedNet_bs64_ep300_train - INFO - Epoch: 143
train_loss: 1.1929670004272461
valid_loss: 1.3690509195327758
train_accuracy: 0.456975
valid_accuracy: 0.498

2023-12-08 14:54:53,796 - modifiedNet_bs64_ep300_train - INFO - Epoch: 144
train_loss: 1.193644627532959
valid_loss: 1.378379453277588
train_accuracy: 0.45322500000000004
valid_accuracy: 0.4965

2023-12-08 14:55:00,058 - modifiedNet_bs64_ep300_train - INFO - Epoch: 145
train_loss: 1.1957560180664062
valid_loss: 1.376179062461853
train_accuracy: 0.457475
valid_accuracy: 0.4982

2023-12-08 14:55:06,370 - modifiedNet_bs64_ep300_train - INFO - Epoch: 146
train_loss: 1.1952751821899414
valid_loss: 1.3742349613189697
train_accuracy: 0.45630000000000004
valid_accuracy: 0.499

2023-12-08 14:55:12,660 - modifiedNet_bs64_ep300_train - INFO - Epoch: 147
train_loss: 1.194605428314209
valid_loss: 1.3710312215805054
train_accuracy: 0.457
valid_accuracy: 0.4993

2023-12-08 14:55:19,195 - modifiedNet_bs64_ep300_train - INFO - Epoch: 148
train_loss: 1.1931749934387208
valid_loss: 1.3729362977981567
train_accuracy: 0.4605
valid_accuracy: 0.5045

2023-12-08 14:55:26,041 - modifiedNet_bs64_ep300_train - INFO - Epoch: 149
train_loss: 1.1953824244689941
valid_loss: 1.3696655023574829
train_accuracy: 0.45722500000000005
valid_accuracy: 0.4988

2023-12-08 14:55:32,719 - modifiedNet_bs64_ep300_train - INFO - Epoch: 150
train_loss: 1.1971733267211915
valid_loss: 1.371346074104309
train_accuracy: 0.45615
valid_accuracy: 0.4962

2023-12-08 14:55:39,462 - modifiedNet_bs64_ep300_train - INFO - Epoch: 151
train_loss: 1.1929739265441894
valid_loss: 1.369212201499939
train_accuracy: 0.458025
valid_accuracy: 0.4997

2023-12-08 14:55:45,504 - modifiedNet_bs64_ep300_train - INFO - Epoch: 152
train_loss: 1.1953200511169433
valid_loss: 1.3663539426803588
train_accuracy: 0.45855
valid_accuracy: 0.5014

2023-12-08 14:55:45,504 - modifiedNet_bs64_ep300_train - INFO - Validation loss decreased (1.366354 --> 1.366354).  Saving model ...
2023-12-08 14:55:51,646 - modifiedNet_bs64_ep300_train - INFO - Epoch: 153
train_loss: 1.1922136853027343
valid_loss: 1.3688050886154175
train_accuracy: 0.45735000000000003
valid_accuracy: 0.4977

2023-12-08 14:55:57,840 - modifiedNet_bs64_ep300_train - INFO - Epoch: 154
train_loss: 1.1913943980407715
valid_loss: 1.36536791305542
train_accuracy: 0.4567
valid_accuracy: 0.5042

2023-12-08 14:55:57,840 - modifiedNet_bs64_ep300_train - INFO - Validation loss decreased (1.365368 --> 1.365368).  Saving model ...
2023-12-08 14:56:04,478 - modifiedNet_bs64_ep300_train - INFO - Epoch: 155
train_loss: 1.1932263748168945
valid_loss: 1.3651566139221192
train_accuracy: 0.45505
valid_accuracy: 0.5009

2023-12-08 14:56:04,478 - modifiedNet_bs64_ep300_train - INFO - Validation loss decreased (1.365157 --> 1.365157).  Saving model ...
2023-12-08 14:56:11,381 - modifiedNet_bs64_ep300_train - INFO - Epoch: 156
train_loss: 1.1918001135253906
valid_loss: 1.3625233444213867
train_accuracy: 0.45990000000000003
valid_accuracy: 0.4965

2023-12-08 14:56:11,382 - modifiedNet_bs64_ep300_train - INFO - Validation loss decreased (1.362523 --> 1.362523).  Saving model ...
2023-12-08 14:56:17,928 - modifiedNet_bs64_ep300_train - INFO - Epoch: 157
train_loss: 1.1942809371948242
valid_loss: 1.3643549272537232
train_accuracy: 0.456625
valid_accuracy: 0.5003

2023-12-08 14:56:24,378 - modifiedNet_bs64_ep300_train - INFO - Epoch: 158
train_loss: 1.1886282011413574
valid_loss: 1.36338885345459
train_accuracy: 0.46037500000000003
valid_accuracy: 0.5042

2023-12-08 14:56:31,063 - modifiedNet_bs64_ep300_train - INFO - Epoch: 159
train_loss: 1.1891858625793457
valid_loss: 1.3624994571685791
train_accuracy: 0.461725
valid_accuracy: 0.5031

2023-12-08 14:56:31,063 - modifiedNet_bs64_ep300_train - INFO - Validation loss decreased (1.362499 --> 1.362499).  Saving model ...
2023-12-08 14:56:37,952 - modifiedNet_bs64_ep300_train - INFO - Epoch: 160
train_loss: 1.1923290354919434
valid_loss: 1.361913903617859
train_accuracy: 0.456625
valid_accuracy: 0.4969

2023-12-08 14:56:37,952 - modifiedNet_bs64_ep300_train - INFO - Validation loss decreased (1.361914 --> 1.361914).  Saving model ...
2023-12-08 14:56:45,351 - modifiedNet_bs64_ep300_train - INFO - Epoch: 161
train_loss: 1.185239634246826
valid_loss: 1.3586138675689696
train_accuracy: 0.461725
valid_accuracy: 0.5015

2023-12-08 14:56:45,351 - modifiedNet_bs64_ep300_train - INFO - Validation loss decreased (1.358614 --> 1.358614).  Saving model ...
2023-12-08 14:56:52,568 - modifiedNet_bs64_ep300_train - INFO - Epoch: 162
train_loss: 1.189385047302246
valid_loss: 1.3619296175003053
train_accuracy: 0.46035000000000004
valid_accuracy: 0.5017

2023-12-08 14:56:59,303 - modifiedNet_bs64_ep300_train - INFO - Epoch: 163
train_loss: 1.1872000567626952
valid_loss: 1.357369511795044
train_accuracy: 0.46085000000000004
valid_accuracy: 0.5044

2023-12-08 14:56:59,304 - modifiedNet_bs64_ep300_train - INFO - Validation loss decreased (1.357370 --> 1.357370).  Saving model ...
2023-12-08 14:57:05,680 - modifiedNet_bs64_ep300_train - INFO - Epoch: 164
train_loss: 1.1864119505310058
valid_loss: 1.3640033504486084
train_accuracy: 0.46277500000000005
valid_accuracy: 0.5065

2023-12-08 14:57:11,918 - modifiedNet_bs64_ep300_train - INFO - Epoch: 165
train_loss: 1.1840366078186035
valid_loss: 1.358577460861206
train_accuracy: 0.46445000000000003
valid_accuracy: 0.5032

2023-12-08 14:57:18,130 - modifiedNet_bs64_ep300_train - INFO - Epoch: 166
train_loss: 1.1875907723999024
valid_loss: 1.3622692186355592
train_accuracy: 0.461575
valid_accuracy: 0.5061

2023-12-08 14:57:24,242 - modifiedNet_bs64_ep300_train - INFO - Epoch: 167
train_loss: 1.186124674987793
valid_loss: 1.3570338706970215
train_accuracy: 0.46080000000000004
valid_accuracy: 0.5048

2023-12-08 14:57:24,242 - modifiedNet_bs64_ep300_train - INFO - Validation loss decreased (1.357034 --> 1.357034).  Saving model ...
2023-12-08 14:57:30,583 - modifiedNet_bs64_ep300_train - INFO - Epoch: 168
train_loss: 1.187980297241211
valid_loss: 1.3589307971954345
train_accuracy: 0.46115
valid_accuracy: 0.5077

2023-12-08 14:57:37,113 - modifiedNet_bs64_ep300_train - INFO - Epoch: 169
train_loss: 1.1834510237121583
valid_loss: 1.3581676263809204
train_accuracy: 0.463075
valid_accuracy: 0.5033

2023-12-08 14:57:43,905 - modifiedNet_bs64_ep300_train - INFO - Epoch: 170
train_loss: 1.1789063679504395
valid_loss: 1.357427641582489
train_accuracy: 0.465075
valid_accuracy: 0.5017

2023-12-08 14:57:50,723 - modifiedNet_bs64_ep300_train - INFO - Epoch: 171
train_loss: 1.185240029296875
valid_loss: 1.356202304649353
train_accuracy: 0.466
valid_accuracy: 0.5047

2023-12-08 14:57:50,723 - modifiedNet_bs64_ep300_train - INFO - Validation loss decreased (1.356202 --> 1.356202).  Saving model ...
2023-12-08 14:57:57,711 - modifiedNet_bs64_ep300_train - INFO - Epoch: 172
train_loss: 1.1804350108337403
valid_loss: 1.3583981840133668
train_accuracy: 0.46455
valid_accuracy: 0.505

2023-12-08 14:58:04,390 - modifiedNet_bs64_ep300_train - INFO - Epoch: 173
train_loss: 1.1838710507202148
valid_loss: 1.3574120262145997
train_accuracy: 0.46405
valid_accuracy: 0.5108

2023-12-08 14:58:11,315 - modifiedNet_bs64_ep300_train - INFO - Epoch: 174
train_loss: 1.1807420237731934
valid_loss: 1.3533767267227172
train_accuracy: 0.4641
valid_accuracy: 0.5069

2023-12-08 14:58:11,316 - modifiedNet_bs64_ep300_train - INFO - Validation loss decreased (1.353377 --> 1.353377).  Saving model ...
2023-12-08 14:58:18,408 - modifiedNet_bs64_ep300_train - INFO - Epoch: 175
train_loss: 1.1826218684387206
valid_loss: 1.3554549631118775
train_accuracy: 0.463725
valid_accuracy: 0.5066

2023-12-08 14:58:25,230 - modifiedNet_bs64_ep300_train - INFO - Epoch: 176
train_loss: 1.1833271745300293
valid_loss: 1.359616904258728
train_accuracy: 0.46505
valid_accuracy: 0.5042

2023-12-08 14:58:32,096 - modifiedNet_bs64_ep300_train - INFO - Epoch: 177
train_loss: 1.1798785166931152
valid_loss: 1.3577124565124512
train_accuracy: 0.463675
valid_accuracy: 0.5037

2023-12-08 14:58:38,975 - modifiedNet_bs64_ep300_train - INFO - Epoch: 178
train_loss: 1.1822675784301757
valid_loss: 1.3538396520614624
train_accuracy: 0.46355
valid_accuracy: 0.5093

2023-12-08 14:58:44,856 - modifiedNet_bs64_ep300_train - INFO - Epoch: 179
train_loss: 1.1826352656555177
valid_loss: 1.3523332601547242
train_accuracy: 0.46495000000000003
valid_accuracy: 0.5095

2023-12-08 14:58:44,856 - modifiedNet_bs64_ep300_train - INFO - Validation loss decreased (1.352333 --> 1.352333).  Saving model ...
2023-12-08 14:58:51,182 - modifiedNet_bs64_ep300_train - INFO - Epoch: 180
train_loss: 1.1779574623107911
valid_loss: 1.347709270095825
train_accuracy: 0.46525
valid_accuracy: 0.5054

2023-12-08 14:58:51,183 - modifiedNet_bs64_ep300_train - INFO - Validation loss decreased (1.347709 --> 1.347709).  Saving model ...
2023-12-08 14:58:58,779 - modifiedNet_bs64_ep300_train - INFO - Epoch: 181
train_loss: 1.1816675242614747
valid_loss: 1.3490257703781128
train_accuracy: 0.46587500000000004
valid_accuracy: 0.5049

2023-12-08 14:59:05,318 - modifiedNet_bs64_ep300_train - INFO - Epoch: 182
train_loss: 1.1780297869873047
valid_loss: 1.3528255548477173
train_accuracy: 0.468175
valid_accuracy: 0.5127

2023-12-08 14:59:11,266 - modifiedNet_bs64_ep300_train - INFO - Epoch: 183
train_loss: 1.1742179603576661
valid_loss: 1.3470534202575684
train_accuracy: 0.47092500000000004
valid_accuracy: 0.5065

2023-12-08 14:59:11,267 - modifiedNet_bs64_ep300_train - INFO - Validation loss decreased (1.347053 --> 1.347053).  Saving model ...
2023-12-08 14:59:17,240 - modifiedNet_bs64_ep300_train - INFO - Epoch: 184
train_loss: 1.1748733518981933
valid_loss: 1.3496392456054687
train_accuracy: 0.4646
valid_accuracy: 0.5072

2023-12-08 14:59:23,218 - modifiedNet_bs64_ep300_train - INFO - Epoch: 185
train_loss: 1.175301879425049
valid_loss: 1.3468531070709229
train_accuracy: 0.466575
valid_accuracy: 0.5093

2023-12-08 14:59:23,219 - modifiedNet_bs64_ep300_train - INFO - Validation loss decreased (1.346853 --> 1.346853).  Saving model ...
2023-12-08 14:59:29,790 - modifiedNet_bs64_ep300_train - INFO - Epoch: 186
train_loss: 1.176174472503662
valid_loss: 1.3457688861846924
train_accuracy: 0.4687
valid_accuracy: 0.5044

2023-12-08 14:59:29,791 - modifiedNet_bs64_ep300_train - INFO - Validation loss decreased (1.345769 --> 1.345769).  Saving model ...
2023-12-08 14:59:36,657 - modifiedNet_bs64_ep300_train - INFO - Epoch: 187
train_loss: 1.1757144180297852
valid_loss: 1.3499032402038573
train_accuracy: 0.46887500000000004
valid_accuracy: 0.5106

2023-12-08 14:59:43,343 - modifiedNet_bs64_ep300_train - INFO - Epoch: 188
train_loss: 1.177688092956543
valid_loss: 1.3447518404006957
train_accuracy: 0.46755
valid_accuracy: 0.505

2023-12-08 14:59:43,344 - modifiedNet_bs64_ep300_train - INFO - Validation loss decreased (1.344752 --> 1.344752).  Saving model ...
2023-12-08 14:59:50,158 - modifiedNet_bs64_ep300_train - INFO - Epoch: 189
train_loss: 1.1739901272583009
valid_loss: 1.3441108276367189
train_accuracy: 0.469275
valid_accuracy: 0.5069

2023-12-08 14:59:50,158 - modifiedNet_bs64_ep300_train - INFO - Validation loss decreased (1.344111 --> 1.344111).  Saving model ...
2023-12-08 14:59:57,045 - modifiedNet_bs64_ep300_train - INFO - Epoch: 190
train_loss: 1.1751018579101562
valid_loss: 1.3474294324874878
train_accuracy: 0.46882500000000005
valid_accuracy: 0.5047

2023-12-08 15:00:03,518 - modifiedNet_bs64_ep300_train - INFO - Epoch: 191
train_loss: 1.1753219256591796
valid_loss: 1.3467118518829346
train_accuracy: 0.466125
valid_accuracy: 0.5085

2023-12-08 15:00:09,883 - modifiedNet_bs64_ep300_train - INFO - Epoch: 192
train_loss: 1.1761482902526856
valid_loss: 1.3451283121109008
train_accuracy: 0.4675
valid_accuracy: 0.5124

2023-12-08 15:00:15,737 - modifiedNet_bs64_ep300_train - INFO - Epoch: 193
train_loss: 1.1743383460998535
valid_loss: 1.3436669885635375
train_accuracy: 0.46775
valid_accuracy: 0.51

2023-12-08 15:00:15,737 - modifiedNet_bs64_ep300_train - INFO - Validation loss decreased (1.343667 --> 1.343667).  Saving model ...
2023-12-08 15:00:21,984 - modifiedNet_bs64_ep300_train - INFO - Epoch: 194
train_loss: 1.174119589996338
valid_loss: 1.3418467845916748
train_accuracy: 0.46755
valid_accuracy: 0.5094

2023-12-08 15:00:21,984 - modifiedNet_bs64_ep300_train - INFO - Validation loss decreased (1.341847 --> 1.341847).  Saving model ...
2023-12-08 15:00:28,133 - modifiedNet_bs64_ep300_train - INFO - Epoch: 195
train_loss: 1.1713907337951661
valid_loss: 1.3446389083862305
train_accuracy: 0.47087500000000004
valid_accuracy: 0.5093

2023-12-08 15:00:34,181 - modifiedNet_bs64_ep300_train - INFO - Epoch: 196
train_loss: 1.172707827758789
valid_loss: 1.3460289083480834
train_accuracy: 0.46815
valid_accuracy: 0.5066

2023-12-08 15:00:39,910 - modifiedNet_bs64_ep300_train - INFO - Epoch: 197
train_loss: 1.169800092010498
valid_loss: 1.3449514198303223
train_accuracy: 0.469575
valid_accuracy: 0.5104

2023-12-08 15:00:45,635 - modifiedNet_bs64_ep300_train - INFO - Epoch: 198
train_loss: 1.1715479278564453
valid_loss: 1.341126222229004
train_accuracy: 0.47015
valid_accuracy: 0.5063

2023-12-08 15:00:45,635 - modifiedNet_bs64_ep300_train - INFO - Validation loss decreased (1.341126 --> 1.341126).  Saving model ...
2023-12-08 15:00:51,312 - modifiedNet_bs64_ep300_train - INFO - Epoch: 199
train_loss: 1.1724113285827638
valid_loss: 1.343053225708008
train_accuracy: 0.46795000000000003
valid_accuracy: 0.5099

2023-12-08 15:00:57,010 - modifiedNet_bs64_ep300_train - INFO - Epoch: 200
train_loss: 1.1704937434387208
valid_loss: 1.3405834285736085
train_accuracy: 0.47155
valid_accuracy: 0.5132

2023-12-08 15:00:57,010 - modifiedNet_bs64_ep300_train - INFO - Validation loss decreased (1.340583 --> 1.340583).  Saving model ...
2023-12-08 15:01:03,115 - modifiedNet_bs64_ep300_train - INFO - Epoch: 201
train_loss: 1.1659271769714354
valid_loss: 1.3420754571914673
train_accuracy: 0.468625
valid_accuracy: 0.508

2023-12-08 15:01:09,299 - modifiedNet_bs64_ep300_train - INFO - Epoch: 202
train_loss: 1.1676667333984374
valid_loss: 1.336144126701355
train_accuracy: 0.46925
valid_accuracy: 0.5066

2023-12-08 15:01:09,299 - modifiedNet_bs64_ep300_train - INFO - Validation loss decreased (1.336144 --> 1.336144).  Saving model ...
2023-12-08 15:01:15,578 - modifiedNet_bs64_ep300_train - INFO - Epoch: 203
train_loss: 1.1704801849365234
valid_loss: 1.3429703448295593
train_accuracy: 0.47092500000000004
valid_accuracy: 0.5075

2023-12-08 15:01:21,860 - modifiedNet_bs64_ep300_train - INFO - Epoch: 204
train_loss: 1.1686340744018555
valid_loss: 1.3376418523788451
train_accuracy: 0.46935000000000004
valid_accuracy: 0.5124

2023-12-08 15:01:27,450 - modifiedNet_bs64_ep300_train - INFO - Epoch: 205
train_loss: 1.1679216290283203
valid_loss: 1.3362704191207886
train_accuracy: 0.47165
valid_accuracy: 0.5121

2023-12-08 15:01:32,935 - modifiedNet_bs64_ep300_train - INFO - Epoch: 206
train_loss: 1.1690350970458985
valid_loss: 1.3376916120529174
train_accuracy: 0.470675
valid_accuracy: 0.5126

2023-12-08 15:01:38,521 - modifiedNet_bs64_ep300_train - INFO - Epoch: 207
train_loss: 1.1670243881225586
valid_loss: 1.3333391078948975
train_accuracy: 0.475225
valid_accuracy: 0.5105

2023-12-08 15:01:38,522 - modifiedNet_bs64_ep300_train - INFO - Validation loss decreased (1.333339 --> 1.333339).  Saving model ...
2023-12-08 15:01:44,207 - modifiedNet_bs64_ep300_train - INFO - Epoch: 208
train_loss: 1.1699730270385742
valid_loss: 1.340057138633728
train_accuracy: 0.4691
valid_accuracy: 0.5156

2023-12-08 15:01:49,886 - modifiedNet_bs64_ep300_train - INFO - Epoch: 209
train_loss: 1.1663817013549804
valid_loss: 1.342556967163086
train_accuracy: 0.472675
valid_accuracy: 0.506

2023-12-08 15:01:55,568 - modifiedNet_bs64_ep300_train - INFO - Epoch: 210
train_loss: 1.1632396405029297
valid_loss: 1.33937839717865
train_accuracy: 0.47550000000000003
valid_accuracy: 0.5081

2023-12-08 15:02:02,070 - modifiedNet_bs64_ep300_train - INFO - Epoch: 211
train_loss: 1.166930205078125
valid_loss: 1.3418057722091674
train_accuracy: 0.471525
valid_accuracy: 0.515

2023-12-08 15:02:08,478 - modifiedNet_bs64_ep300_train - INFO - Epoch: 212
train_loss: 1.1644577250671386
valid_loss: 1.3365325210571288
train_accuracy: 0.47265
valid_accuracy: 0.5092

2023-12-08 15:02:14,776 - modifiedNet_bs64_ep300_train - INFO - Epoch: 213
train_loss: 1.1639539353942872
valid_loss: 1.3348853088378907
train_accuracy: 0.475225
valid_accuracy: 0.5139

2023-12-08 15:02:21,482 - modifiedNet_bs64_ep300_train - INFO - Epoch: 214
train_loss: 1.1687926098632813
valid_loss: 1.3322860652923585
train_accuracy: 0.47055
valid_accuracy: 0.5125

2023-12-08 15:02:21,482 - modifiedNet_bs64_ep300_train - INFO - Validation loss decreased (1.332286 --> 1.332286).  Saving model ...
2023-12-08 15:02:27,948 - modifiedNet_bs64_ep300_train - INFO - Epoch: 215
train_loss: 1.1636784188842773
valid_loss: 1.329966611289978
train_accuracy: 0.47692500000000004
valid_accuracy: 0.5157

2023-12-08 15:02:27,948 - modifiedNet_bs64_ep300_train - INFO - Validation loss decreased (1.329967 --> 1.329967).  Saving model ...
2023-12-08 15:02:33,845 - modifiedNet_bs64_ep300_train - INFO - Epoch: 216
train_loss: 1.1641149510192872
valid_loss: 1.3357519815444947
train_accuracy: 0.47275
valid_accuracy: 0.5117

2023-12-08 15:02:39,430 - modifiedNet_bs64_ep300_train - INFO - Epoch: 217
train_loss: 1.1621128579711915
valid_loss: 1.3325979635238647
train_accuracy: 0.473275
valid_accuracy: 0.5095

2023-12-08 15:02:45,447 - modifiedNet_bs64_ep300_train - INFO - Epoch: 218
train_loss: 1.16490040725708
valid_loss: 1.331759372138977
train_accuracy: 0.473725
valid_accuracy: 0.5158

2023-12-08 15:02:51,443 - modifiedNet_bs64_ep300_train - INFO - Epoch: 219
train_loss: 1.1607640464782716
valid_loss: 1.3315288202285767
train_accuracy: 0.47855000000000003
valid_accuracy: 0.515

2023-12-08 15:02:56,941 - modifiedNet_bs64_ep300_train - INFO - Epoch: 220
train_loss: 1.1615927645874022
valid_loss: 1.3308349670410156
train_accuracy: 0.47450000000000003
valid_accuracy: 0.5128

2023-12-08 15:03:02,864 - modifiedNet_bs64_ep300_train - INFO - Epoch: 221
train_loss: 1.1648814256286621
valid_loss: 1.3324586946487427
train_accuracy: 0.474175
valid_accuracy: 0.511

2023-12-08 15:03:08,665 - modifiedNet_bs64_ep300_train - INFO - Epoch: 222
train_loss: 1.1577314479064942
valid_loss: 1.3350291803359986
train_accuracy: 0.4807
valid_accuracy: 0.5159

2023-12-08 15:03:14,318 - modifiedNet_bs64_ep300_train - INFO - Epoch: 223
train_loss: 1.1642532958984375
valid_loss: 1.3234592390060425
train_accuracy: 0.47587500000000005
valid_accuracy: 0.5145

2023-12-08 15:03:14,318 - modifiedNet_bs64_ep300_train - INFO - Validation loss decreased (1.323459 --> 1.323459).  Saving model ...
2023-12-08 15:03:20,484 - modifiedNet_bs64_ep300_train - INFO - Epoch: 224
train_loss: 1.1593938619995117
valid_loss: 1.331048646736145
train_accuracy: 0.47745000000000004
valid_accuracy: 0.5159

2023-12-08 15:03:26,874 - modifiedNet_bs64_ep300_train - INFO - Epoch: 225
train_loss: 1.1595312478637696
valid_loss: 1.3331854173660278
train_accuracy: 0.479675
valid_accuracy: 0.5144

2023-12-08 15:03:33,209 - modifiedNet_bs64_ep300_train - INFO - Epoch: 226
train_loss: 1.1582765197753906
valid_loss: 1.3292670127868653
train_accuracy: 0.476575
valid_accuracy: 0.515

2023-12-08 15:03:39,711 - modifiedNet_bs64_ep300_train - INFO - Epoch: 227
train_loss: 1.1600058222961427
valid_loss: 1.331672618675232
train_accuracy: 0.47855000000000003
valid_accuracy: 0.5209

2023-12-08 15:03:46,131 - modifiedNet_bs64_ep300_train - INFO - Epoch: 228
train_loss: 1.1601807164001465
valid_loss: 1.333125205230713
train_accuracy: 0.47855000000000003
valid_accuracy: 0.5179

2023-12-08 15:03:51,647 - modifiedNet_bs64_ep300_train - INFO - Epoch: 229
train_loss: 1.158406173248291
valid_loss: 1.3311991682052613
train_accuracy: 0.4786
valid_accuracy: 0.5135

2023-12-08 15:03:57,674 - modifiedNet_bs64_ep300_train - INFO - Epoch: 230
train_loss: 1.161520060119629
valid_loss: 1.3302353603363037
train_accuracy: 0.474775
valid_accuracy: 0.5189

2023-12-08 15:04:03,378 - modifiedNet_bs64_ep300_train - INFO - Epoch: 231
train_loss: 1.1572386209106444
valid_loss: 1.3267576023101806
train_accuracy: 0.478775
valid_accuracy: 0.5153

2023-12-08 15:04:08,912 - modifiedNet_bs64_ep300_train - INFO - Epoch: 232
train_loss: 1.1579255508422852
valid_loss: 1.322548105621338
train_accuracy: 0.47800000000000004
valid_accuracy: 0.5212

2023-12-08 15:04:08,912 - modifiedNet_bs64_ep300_train - INFO - Validation loss decreased (1.322548 --> 1.322548).  Saving model ...
2023-12-08 15:04:15,048 - modifiedNet_bs64_ep300_train - INFO - Epoch: 233
train_loss: 1.159494457397461
valid_loss: 1.331417609024048
train_accuracy: 0.47525
valid_accuracy: 0.515

2023-12-08 15:04:21,474 - modifiedNet_bs64_ep300_train - INFO - Epoch: 234
train_loss: 1.1580815782165528
valid_loss: 1.3262287199020386
train_accuracy: 0.4798
valid_accuracy: 0.5162

2023-12-08 15:04:27,869 - modifiedNet_bs64_ep300_train - INFO - Epoch: 235
train_loss: 1.1587255906677245
valid_loss: 1.3229653436660767
train_accuracy: 0.47647500000000004
valid_accuracy: 0.5164

2023-12-08 15:04:34,147 - modifiedNet_bs64_ep300_train - INFO - Epoch: 236
train_loss: 1.1549330833435059
valid_loss: 1.329560523033142
train_accuracy: 0.47755000000000003
valid_accuracy: 0.5144

2023-12-08 15:04:40,291 - modifiedNet_bs64_ep300_train - INFO - Epoch: 237
train_loss: 1.1547285093688966
valid_loss: 1.3240521690368652
train_accuracy: 0.4763
valid_accuracy: 0.5159

2023-12-08 15:04:45,935 - modifiedNet_bs64_ep300_train - INFO - Epoch: 238
train_loss: 1.1572770909118653
valid_loss: 1.3291330198287963
train_accuracy: 0.47490000000000004
valid_accuracy: 0.5147

2023-12-08 15:04:51,948 - modifiedNet_bs64_ep300_train - INFO - Epoch: 239
train_loss: 1.154898680114746
valid_loss: 1.3269997179031372
train_accuracy: 0.48035
valid_accuracy: 0.5189

2023-12-08 15:04:57,602 - modifiedNet_bs64_ep300_train - INFO - Epoch: 240
train_loss: 1.156832624359131
valid_loss: 1.3247339151382447
train_accuracy: 0.47590000000000005
valid_accuracy: 0.5141

2023-12-08 15:05:03,332 - modifiedNet_bs64_ep300_train - INFO - Epoch: 241
train_loss: 1.1560766737365722
valid_loss: 1.3238098934173583
train_accuracy: 0.47875
valid_accuracy: 0.5197

2023-12-08 15:05:09,173 - modifiedNet_bs64_ep300_train - INFO - Epoch: 242
train_loss: 1.15689005569458
valid_loss: 1.3230944147109986
train_accuracy: 0.47992500000000005
valid_accuracy: 0.5166

2023-12-08 15:05:14,853 - modifiedNet_bs64_ep300_train - INFO - Epoch: 243
train_loss: 1.1547856204223632
valid_loss: 1.323827269744873
train_accuracy: 0.47955000000000003
valid_accuracy: 0.5198

2023-12-08 15:05:20,749 - modifiedNet_bs64_ep300_train - INFO - Epoch: 244
train_loss: 1.1559386103820801
valid_loss: 1.323549737739563
train_accuracy: 0.476775
valid_accuracy: 0.5177

2023-12-08 15:05:26,503 - modifiedNet_bs64_ep300_train - INFO - Epoch: 245
train_loss: 1.15160625289917
valid_loss: 1.3257936325073243
train_accuracy: 0.47957500000000003
valid_accuracy: 0.518

2023-12-08 15:05:32,668 - modifiedNet_bs64_ep300_train - INFO - Epoch: 246
train_loss: 1.1533204945373534
valid_loss: 1.3210700759887695
train_accuracy: 0.480675
valid_accuracy: 0.5219

2023-12-08 15:05:32,669 - modifiedNet_bs64_ep300_train - INFO - Validation loss decreased (1.321070 --> 1.321070).  Saving model ...
2023-12-08 15:05:39,130 - modifiedNet_bs64_ep300_train - INFO - Epoch: 247
train_loss: 1.1528972250366212
valid_loss: 1.320962491607666
train_accuracy: 0.480275
valid_accuracy: 0.5216

2023-12-08 15:05:39,130 - modifiedNet_bs64_ep300_train - INFO - Validation loss decreased (1.320962 --> 1.320962).  Saving model ...
2023-12-08 15:05:44,948 - modifiedNet_bs64_ep300_train - INFO - Epoch: 248
train_loss: 1.1539307450866698
valid_loss: 1.32387805519104
train_accuracy: 0.481225
valid_accuracy: 0.5221

2023-12-08 15:05:50,688 - modifiedNet_bs64_ep300_train - INFO - Epoch: 249
train_loss: 1.1531486010742187
valid_loss: 1.3181907188415527
train_accuracy: 0.47687500000000005
valid_accuracy: 0.5198

2023-12-08 15:05:50,688 - modifiedNet_bs64_ep300_train - INFO - Validation loss decreased (1.318191 --> 1.318191).  Saving model ...
2023-12-08 15:05:56,384 - modifiedNet_bs64_ep300_train - INFO - Epoch: 250
train_loss: 1.1534086093139648
valid_loss: 1.3206867197036742
train_accuracy: 0.48042500000000005
valid_accuracy: 0.5182

2023-12-08 15:06:02,212 - modifiedNet_bs64_ep300_train - INFO - Epoch: 251
train_loss: 1.1479100511169433
valid_loss: 1.3172510444641112
train_accuracy: 0.4817
valid_accuracy: 0.5247

2023-12-08 15:06:02,212 - modifiedNet_bs64_ep300_train - INFO - Validation loss decreased (1.317251 --> 1.317251).  Saving model ...
2023-12-08 15:06:08,392 - modifiedNet_bs64_ep300_train - INFO - Epoch: 252
train_loss: 1.151790090637207
valid_loss: 1.3207809196472169
train_accuracy: 0.480375
valid_accuracy: 0.5226

2023-12-08 15:06:14,191 - modifiedNet_bs64_ep300_train - INFO - Epoch: 253
train_loss: 1.149336678314209
valid_loss: 1.3168419687271118
train_accuracy: 0.481625
valid_accuracy: 0.5178

2023-12-08 15:06:14,191 - modifiedNet_bs64_ep300_train - INFO - Validation loss decreased (1.316842 --> 1.316842).  Saving model ...
2023-12-08 15:06:20,360 - modifiedNet_bs64_ep300_train - INFO - Epoch: 254
train_loss: 1.153566668548584
valid_loss: 1.318080860900879
train_accuracy: 0.480675
valid_accuracy: 0.5176

2023-12-08 15:06:26,340 - modifiedNet_bs64_ep300_train - INFO - Epoch: 255
train_loss: 1.1502338104248047
valid_loss: 1.3210185632705689
train_accuracy: 0.48285
valid_accuracy: 0.5207

2023-12-08 15:06:32,580 - modifiedNet_bs64_ep300_train - INFO - Epoch: 256
train_loss: 1.1463870793151856
valid_loss: 1.3144813529968262
train_accuracy: 0.484825
valid_accuracy: 0.5184

2023-12-08 15:06:32,580 - modifiedNet_bs64_ep300_train - INFO - Validation loss decreased (1.314481 --> 1.314481).  Saving model ...
2023-12-08 15:06:39,565 - modifiedNet_bs64_ep300_train - INFO - Epoch: 257
train_loss: 1.150392670288086
valid_loss: 1.3181839651107787
train_accuracy: 0.481825
valid_accuracy: 0.5224

2023-12-08 15:06:46,080 - modifiedNet_bs64_ep300_train - INFO - Epoch: 258
train_loss: 1.1494486337280274
valid_loss: 1.3213744888305663
train_accuracy: 0.48255000000000003
valid_accuracy: 0.5226

2023-12-08 15:06:52,726 - modifiedNet_bs64_ep300_train - INFO - Epoch: 259
train_loss: 1.1469651133728027
valid_loss: 1.3190352254867554
train_accuracy: 0.48152500000000004
valid_accuracy: 0.5206

2023-12-08 15:06:59,423 - modifiedNet_bs64_ep300_train - INFO - Epoch: 260
train_loss: 1.1515230953979492
valid_loss: 1.321719553756714
train_accuracy: 0.47965
valid_accuracy: 0.52

2023-12-08 15:07:06,146 - modifiedNet_bs64_ep300_train - INFO - Epoch: 261
train_loss: 1.148457692718506
valid_loss: 1.3166906524658204
train_accuracy: 0.48350000000000004
valid_accuracy: 0.5199

2023-12-08 15:07:12,335 - modifiedNet_bs64_ep300_train - INFO - Epoch: 262
train_loss: 1.1507571229553222
valid_loss: 1.3140096557617187
train_accuracy: 0.48175
valid_accuracy: 0.5227

2023-12-08 15:07:12,335 - modifiedNet_bs64_ep300_train - INFO - Validation loss decreased (1.314010 --> 1.314010).  Saving model ...
2023-12-08 15:07:19,161 - modifiedNet_bs64_ep300_train - INFO - Epoch: 263
train_loss: 1.1509821589660645
valid_loss: 1.3137633874893189
train_accuracy: 0.48455000000000004
valid_accuracy: 0.5188

2023-12-08 15:07:19,161 - modifiedNet_bs64_ep300_train - INFO - Validation loss decreased (1.313763 --> 1.313763).  Saving model ...
2023-12-08 15:07:25,118 - modifiedNet_bs64_ep300_train - INFO - Epoch: 264
train_loss: 1.1453954808044433
valid_loss: 1.3154740909576417
train_accuracy: 0.48347500000000004
valid_accuracy: 0.5188

2023-12-08 15:07:30,979 - modifiedNet_bs64_ep300_train - INFO - Epoch: 265
train_loss: 1.1471176963806153
valid_loss: 1.3194670389175416
train_accuracy: 0.485225
valid_accuracy: 0.5207

2023-12-08 15:07:36,788 - modifiedNet_bs64_ep300_train - INFO - Epoch: 266
train_loss: 1.147760652618408
valid_loss: 1.3151717849731446
train_accuracy: 0.4858
valid_accuracy: 0.523

2023-12-08 15:07:42,396 - modifiedNet_bs64_ep300_train - INFO - Epoch: 267
train_loss: 1.1445624110412598
valid_loss: 1.310061806678772
train_accuracy: 0.483325
valid_accuracy: 0.5232

2023-12-08 15:07:42,396 - modifiedNet_bs64_ep300_train - INFO - Validation loss decreased (1.310062 --> 1.310062).  Saving model ...
2023-12-08 15:07:48,448 - modifiedNet_bs64_ep300_train - INFO - Epoch: 268
train_loss: 1.147773978881836
valid_loss: 1.3158015438079833
train_accuracy: 0.48605000000000004
valid_accuracy: 0.5214

2023-12-08 15:07:54,351 - modifiedNet_bs64_ep300_train - INFO - Epoch: 269
train_loss: 1.1446695265197755
valid_loss: 1.3139016054153443
train_accuracy: 0.4859
valid_accuracy: 0.5192

2023-12-08 15:08:00,728 - modifiedNet_bs64_ep300_train - INFO - Epoch: 270
train_loss: 1.1428840991210938
valid_loss: 1.3103301010131836
train_accuracy: 0.486375
valid_accuracy: 0.5211

2023-12-08 15:08:07,712 - modifiedNet_bs64_ep300_train - INFO - Epoch: 271
train_loss: 1.1417398864746093
valid_loss: 1.310902213859558
train_accuracy: 0.485675
valid_accuracy: 0.5169

2023-12-08 15:08:13,664 - modifiedNet_bs64_ep300_train - INFO - Epoch: 272
train_loss: 1.143553634033203
valid_loss: 1.3134204700469971
train_accuracy: 0.48235
valid_accuracy: 0.5235

2023-12-08 15:08:19,834 - modifiedNet_bs64_ep300_train - INFO - Epoch: 273
train_loss: 1.141351237640381
valid_loss: 1.3115931655883788
train_accuracy: 0.48655000000000004
valid_accuracy: 0.5286

2023-12-08 15:08:25,554 - modifiedNet_bs64_ep300_train - INFO - Epoch: 274
train_loss: 1.1446549897766114
valid_loss: 1.3099874234199524
train_accuracy: 0.487225
valid_accuracy: 0.5145

2023-12-08 15:08:25,554 - modifiedNet_bs64_ep300_train - INFO - Validation loss decreased (1.309987 --> 1.309987).  Saving model ...
2023-12-08 15:08:31,474 - modifiedNet_bs64_ep300_train - INFO - Epoch: 275
train_loss: 1.1441020121765137
valid_loss: 1.3113350620269775
train_accuracy: 0.484375
valid_accuracy: 0.5182

2023-12-08 15:08:37,012 - modifiedNet_bs64_ep300_train - INFO - Epoch: 276
train_loss: 1.144771358642578
valid_loss: 1.3152647817611693
train_accuracy: 0.485825
valid_accuracy: 0.5229

2023-12-08 15:08:42,897 - modifiedNet_bs64_ep300_train - INFO - Epoch: 277
train_loss: 1.147475603942871
valid_loss: 1.3098101680755616
train_accuracy: 0.481775
valid_accuracy: 0.5203

2023-12-08 15:08:42,897 - modifiedNet_bs64_ep300_train - INFO - Validation loss decreased (1.309810 --> 1.309810).  Saving model ...
2023-12-08 15:08:48,719 - modifiedNet_bs64_ep300_train - INFO - Epoch: 278
train_loss: 1.1432852391052246
valid_loss: 1.3134445610046386
train_accuracy: 0.48335
valid_accuracy: 0.5232

2023-12-08 15:08:54,356 - modifiedNet_bs64_ep300_train - INFO - Epoch: 279
train_loss: 1.1452143293762207
valid_loss: 1.3103701854705812
train_accuracy: 0.48307500000000003
valid_accuracy: 0.5224

2023-12-08 15:09:00,669 - modifiedNet_bs64_ep300_train - INFO - Epoch: 280
train_loss: 1.145844453277588
valid_loss: 1.3096568489074707
train_accuracy: 0.48600000000000004
valid_accuracy: 0.5186

2023-12-08 15:09:00,670 - modifiedNet_bs64_ep300_train - INFO - Validation loss decreased (1.309657 --> 1.309657).  Saving model ...
2023-12-08 15:09:07,315 - modifiedNet_bs64_ep300_train - INFO - Epoch: 281
train_loss: 1.1405381922912599
valid_loss: 1.3089410446166991
train_accuracy: 0.48510000000000003
valid_accuracy: 0.5198

2023-12-08 15:09:07,315 - modifiedNet_bs64_ep300_train - INFO - Validation loss decreased (1.308941 --> 1.308941).  Saving model ...
2023-12-08 15:09:13,415 - modifiedNet_bs64_ep300_train - INFO - Epoch: 282
train_loss: 1.1393596008300781
valid_loss: 1.3100373458862304
train_accuracy: 0.4903
valid_accuracy: 0.5243

2023-12-08 15:09:19,446 - modifiedNet_bs64_ep300_train - INFO - Epoch: 283
train_loss: 1.1374639770507813
valid_loss: 1.3123527294158936
train_accuracy: 0.48615
valid_accuracy: 0.5235

2023-12-08 15:09:25,308 - modifiedNet_bs64_ep300_train - INFO - Epoch: 284
train_loss: 1.1447457775878906
valid_loss: 1.3068233373641969
train_accuracy: 0.48355000000000004
valid_accuracy: 0.5221

2023-12-08 15:09:25,309 - modifiedNet_bs64_ep300_train - INFO - Validation loss decreased (1.306823 --> 1.306823).  Saving model ...
2023-12-08 15:09:31,382 - modifiedNet_bs64_ep300_train - INFO - Epoch: 285
train_loss: 1.1390119557189942
valid_loss: 1.3120613969802857
train_accuracy: 0.4879
valid_accuracy: 0.525

2023-12-08 15:09:37,047 - modifiedNet_bs64_ep300_train - INFO - Epoch: 286
train_loss: 1.1404231175231934
valid_loss: 1.3080583318710328
train_accuracy: 0.49002500000000004
valid_accuracy: 0.5242

2023-12-08 15:09:42,968 - modifiedNet_bs64_ep300_train - INFO - Epoch: 287
train_loss: 1.1374736074829102
valid_loss: 1.3077538568496705
train_accuracy: 0.4883
valid_accuracy: 0.5195

2023-12-08 15:09:48,687 - modifiedNet_bs64_ep300_train - INFO - Epoch: 288
train_loss: 1.1401805485534668
valid_loss: 1.3049511974334718
train_accuracy: 0.486825
valid_accuracy: 0.5233

2023-12-08 15:09:48,687 - modifiedNet_bs64_ep300_train - INFO - Validation loss decreased (1.304951 --> 1.304951).  Saving model ...
2023-12-08 15:09:54,564 - modifiedNet_bs64_ep300_train - INFO - Epoch: 289
train_loss: 1.138367829437256
valid_loss: 1.314336805152893
train_accuracy: 0.48750000000000004
valid_accuracy: 0.5215

2023-12-08 15:10:00,306 - modifiedNet_bs64_ep300_train - INFO - Epoch: 290
train_loss: 1.1406215476989745
valid_loss: 1.3087944793701172
train_accuracy: 0.48665
valid_accuracy: 0.526

2023-12-08 15:10:06,038 - modifiedNet_bs64_ep300_train - INFO - Epoch: 291
train_loss: 1.1404677061462403
valid_loss: 1.3059272525787353
train_accuracy: 0.48585
valid_accuracy: 0.5256

2023-12-08 15:10:11,635 - modifiedNet_bs64_ep300_train - INFO - Epoch: 292
train_loss: 1.136677191467285
valid_loss: 1.3087365159988402
train_accuracy: 0.4893
valid_accuracy: 0.5204

2023-12-08 15:10:17,657 - modifiedNet_bs64_ep300_train - INFO - Epoch: 293
train_loss: 1.1402898405456543
valid_loss: 1.3025063806533814
train_accuracy: 0.487275
valid_accuracy: 0.5219

2023-12-08 15:10:17,657 - modifiedNet_bs64_ep300_train - INFO - Validation loss decreased (1.302506 --> 1.302506).  Saving model ...
2023-12-08 15:10:23,508 - modifiedNet_bs64_ep300_train - INFO - Epoch: 294
train_loss: 1.1383601741027831
valid_loss: 1.307748350715637
train_accuracy: 0.49060000000000004
valid_accuracy: 0.5242

2023-12-08 15:10:29,372 - modifiedNet_bs64_ep300_train - INFO - Epoch: 295
train_loss: 1.138332861328125
valid_loss: 1.309314137649536
train_accuracy: 0.4867
valid_accuracy: 0.526

2023-12-08 15:10:35,096 - modifiedNet_bs64_ep300_train - INFO - Epoch: 296
train_loss: 1.138651879119873
valid_loss: 1.3051128358840942
train_accuracy: 0.48785
valid_accuracy: 0.523

2023-12-08 15:10:40,764 - modifiedNet_bs64_ep300_train - INFO - Epoch: 297
train_loss: 1.1374760946655273
valid_loss: 1.3037912162780763
train_accuracy: 0.48765000000000003
valid_accuracy: 0.5219

2023-12-08 15:10:47,168 - modifiedNet_bs64_ep300_train - INFO - Epoch: 298
train_loss: 1.1376973182678223
valid_loss: 1.3006543367385863
train_accuracy: 0.491425
valid_accuracy: 0.5255

2023-12-08 15:10:47,168 - modifiedNet_bs64_ep300_train - INFO - Validation loss decreased (1.300654 --> 1.300654).  Saving model ...
2023-12-08 15:10:54,077 - modifiedNet_bs64_ep300_train - INFO - Epoch: 299
train_loss: 1.1373625923156738
valid_loss: 1.3070942081451415
train_accuracy: 0.487925
valid_accuracy: 0.5292

2023-12-08 15:11:00,355 - modifiedNet_bs64_ep300_train - INFO - Epoch: 300
train_loss: 1.1368418116760255
valid_loss: 1.3050716705322265
train_accuracy: 0.48852500000000004
valid_accuracy: 0.5224

2023-12-08 15:11:04,556 - modifiedNet_bs64_ep300_train - INFO - Epoch: 300
train_precision: 0.5300970447718798
valid_precision: 0.5182458293158837
train_recall: 0.5375
valid_recall: 0.5262
train_f1: 0.5310653746612988
valid_f1: 0.5199268297384108

