2023-12-07 14:53:37,411 - originNet_train - INFO - Start training ...
2023-12-07 14:53:38,802 - originNet_train - INFO - batch_size: 32
valid_size: 0.2
number_of_workers: 4
n_epochs: 150
train_on_gpu: True
optimizer: SGD (
Parameter Group 0
    dampening: 0
    differentiable: False
    foreach: None
    lr: 0.0001
    maximize: False
    momentum: 0.9
    nesterov: False
    weight_decay: 0
)
criterion: CrossEntropyLoss()

2023-12-07 14:54:01,173 - originNet_train - INFO - Epoch: 1
train_loss: 2.303797329902649
valid_loss: 2.303209830856323
train_accuracy: 0.099325
valid_accuracy: 0.1027
train_precision: 0.009865455625
valid_precision: 0.010547289999999999
train_recall: 0.099325
valid_recall: 0.1027
train_f1: 0.017948205717144613
valid_f1: 0.019129935612587284

2023-12-07 14:54:01,173 - originNet_train - INFO - Validation loss decreased (2.303210 --> 2.303210).  Saving model ...
2023-12-07 14:54:26,347 - originNet_train - INFO - Epoch: 2
train_loss: 2.3032465503692627
valid_loss: 2.302789474105835
train_accuracy: 0.099325
valid_accuracy: 0.1027
train_precision: 0.009865455625
valid_precision: 0.010547289999999999
train_recall: 0.099325
valid_recall: 0.1027
train_f1: 0.017948205717144613
valid_f1: 0.019129935612587284

2023-12-07 14:54:26,348 - originNet_train - INFO - Validation loss decreased (2.302789 --> 2.302789).  Saving model ...
2023-12-07 14:54:50,812 - originNet_train - INFO - Epoch: 3
train_loss: 2.3028433626174927
valid_loss: 2.3024834266662597
train_accuracy: 0.099325
valid_accuracy: 0.1027
train_precision: 0.009865455625
valid_precision: 0.010547289999999999
train_recall: 0.099325
valid_recall: 0.1027
train_f1: 0.017948205717144613
valid_f1: 0.019129935612587284

2023-12-07 14:54:50,812 - originNet_train - INFO - Validation loss decreased (2.302483 --> 2.302483).  Saving model ...
2023-12-07 14:55:15,655 - originNet_train - INFO - Epoch: 4
train_loss: 2.3025249868392943
valid_loss: 2.302230387496948
train_accuracy: 0.099325
valid_accuracy: 0.1027
train_precision: 0.009865455625
valid_precision: 0.010547289999999999
train_recall: 0.099325
valid_recall: 0.1027
train_f1: 0.017948205717144613
valid_f1: 0.019129935612587284

2023-12-07 14:55:15,655 - originNet_train - INFO - Validation loss decreased (2.302230 --> 2.302230).  Saving model ...
2023-12-07 14:55:38,018 - originNet_train - INFO - Epoch: 5
train_loss: 2.3022721893310547
valid_loss: 2.3020543895721435
train_accuracy: 0.099325
valid_accuracy: 0.1027
train_precision: 0.009865455625
valid_precision: 0.010547289999999999
train_recall: 0.099325
valid_recall: 0.1027
train_f1: 0.017948205717144613
valid_f1: 0.019129935612587284

2023-12-07 14:55:38,018 - originNet_train - INFO - Validation loss decreased (2.302054 --> 2.302054).  Saving model ...
2023-12-07 14:56:02,016 - originNet_train - INFO - Epoch: 6
train_loss: 2.3020203811645508
valid_loss: 2.3018602561950683
train_accuracy: 0.099325
valid_accuracy: 0.1027
train_precision: 0.009865455625
valid_precision: 0.010547289999999999
train_recall: 0.099325
valid_recall: 0.1027
train_f1: 0.017948205717144613
valid_f1: 0.019129935612587284

2023-12-07 14:56:02,016 - originNet_train - INFO - Validation loss decreased (2.301860 --> 2.301860).  Saving model ...
2023-12-07 14:56:27,102 - originNet_train - INFO - Epoch: 7
train_loss: 2.301792467689514
valid_loss: 2.301674446105957
train_accuracy: 0.099325
valid_accuracy: 0.1027
train_precision: 0.009865455625
valid_precision: 0.010547289999999999
train_recall: 0.099325
valid_recall: 0.1027
train_f1: 0.017948205717144613
valid_f1: 0.019129935612587284

2023-12-07 14:56:27,102 - originNet_train - INFO - Validation loss decreased (2.301674 --> 2.301674).  Saving model ...
2023-12-07 14:56:49,162 - originNet_train - INFO - Epoch: 8
train_loss: 2.3015583196640015
valid_loss: 2.30149532661438
train_accuracy: 0.099325
valid_accuracy: 0.1027
train_precision: 0.10949070226755668
valid_precision: 0.010538073807380737
train_recall: 0.09935
valid_recall: 0.1026
train_f1: 0.017998601346754028
valid_f1: 0.019113041900961362

2023-12-07 14:56:49,162 - originNet_train - INFO - Validation loss decreased (2.301495 --> 2.301495).  Saving model ...
2023-12-07 14:57:15,189 - originNet_train - INFO - Epoch: 9
train_loss: 2.301322546577454
valid_loss: 2.30129196434021
train_accuracy: 0.0993
valid_accuracy: 0.1026
train_precision: 0.02297096192040333
valid_precision: 0.023243234587670136
train_recall: 0.099325
valid_recall: 0.1028
train_f1: 0.01818876069038671
valid_f1: 0.019342260276105337

2023-12-07 14:57:15,189 - originNet_train - INFO - Validation loss decreased (2.301292 --> 2.301292).  Saving model ...
2023-12-07 14:57:38,173 - originNet_train - INFO - Epoch: 10
train_loss: 2.301077869224548
valid_loss: 2.301071141052246
train_accuracy: 0.099775
valid_accuracy: 0.1035
train_precision: 0.06812027316374358
valid_precision: 0.06360958204071919
train_recall: 0.0997
valid_recall: 0.1025
train_f1: 0.02032750423716702
valid_f1: 0.020807656503126205

2023-12-07 14:57:38,174 - originNet_train - INFO - Validation loss decreased (2.301071 --> 2.301071).  Saving model ...
2023-12-07 14:58:03,232 - originNet_train - INFO - Epoch: 11
train_loss: 2.3008001163482668
valid_loss: 2.300812088394165
train_accuracy: 0.106675
valid_accuracy: 0.1091
train_precision: 0.08551063941663169
valid_precision: 0.11426523402914815
train_recall: 0.106725
valid_recall: 0.1069
train_f1: 0.04406232461461385
valid_f1: 0.042225772111118456

2023-12-07 14:58:03,232 - originNet_train - INFO - Validation loss decreased (2.300812 --> 2.300812).  Saving model ...
2023-12-07 14:58:29,881 - originNet_train - INFO - Epoch: 12
train_loss: 2.3004780910491944
valid_loss: 2.3005078998565676
train_accuracy: 0.1534
valid_accuracy: 0.1477
train_precision: 0.10138998080945112
valid_precision: 0.10197328309530952
train_recall: 0.1535
valid_recall: 0.1506
train_f1: 0.09378695518661691
valid_f1: 0.09256178618633366

2023-12-07 14:58:29,881 - originNet_train - INFO - Validation loss decreased (2.300508 --> 2.300508).  Saving model ...
2023-12-07 14:58:54,613 - originNet_train - INFO - Epoch: 13
train_loss: 2.30008280582428
valid_loss: 2.300177233505249
train_accuracy: 0.16095
valid_accuracy: 0.1563
train_precision: 0.1959584767943373
valid_precision: 0.08961998300654879
train_recall: 0.16095
valid_recall: 0.1535
train_f1: 0.0849208626893351
valid_f1: 0.07968314609392399

2023-12-07 14:58:54,613 - originNet_train - INFO - Validation loss decreased (2.300177 --> 2.300177).  Saving model ...
2023-12-07 14:59:18,684 - originNet_train - INFO - Epoch: 14
train_loss: 2.2996410638809204
valid_loss: 2.2997151752471923
train_accuracy: 0.1658
valid_accuracy: 0.1608
train_precision: 0.23837891064141906
valid_precision: 0.09176213752174758
train_recall: 0.16535
valid_recall: 0.1593
train_f1: 0.07814352853591379
valid_f1: 0.07406286093051292

2023-12-07 14:59:18,684 - originNet_train - INFO - Validation loss decreased (2.299715 --> 2.299715).  Saving model ...
2023-12-07 14:59:44,845 - originNet_train - INFO - Epoch: 15
train_loss: 2.2991114477157595
valid_loss: 2.2991881690979006
train_accuracy: 0.171225
valid_accuracy: 0.1621
train_precision: 0.18651724214083373
valid_precision: 0.13210604038523086
train_recall: 0.170575
valid_recall: 0.168
train_f1: 0.08254374958500696
valid_f1: 0.08083285472568132

2023-12-07 14:59:44,846 - originNet_train - INFO - Validation loss decreased (2.299188 --> 2.299188).  Saving model ...
2023-12-07 15:00:10,465 - originNet_train - INFO - Epoch: 16
train_loss: 2.2984458335876465
valid_loss: 2.298517311477661
train_accuracy: 0.172975
valid_accuracy: 0.1666
train_precision: 0.17706283552933005
valid_precision: 0.18329237261556067
train_recall: 0.173275
valid_recall: 0.168
train_f1: 0.08207354354388924
valid_f1: 0.07742956486635773

2023-12-07 15:00:10,465 - originNet_train - INFO - Validation loss decreased (2.298517 --> 2.298517).  Saving model ...
2023-12-07 15:00:35,846 - originNet_train - INFO - Epoch: 17
train_loss: 2.2976468957901
valid_loss: 2.2977474800109863
train_accuracy: 0.17595
valid_accuracy: 0.1709
train_precision: 0.1506574532242482
valid_precision: 0.14412899406172647
train_recall: 0.175275
valid_recall: 0.1704
train_f1: 0.08202448472509093
valid_f1: 0.0775487043625417

2023-12-07 15:00:35,846 - originNet_train - INFO - Validation loss decreased (2.297747 --> 2.297747).  Saving model ...
2023-12-07 15:00:59,298 - originNet_train - INFO - Epoch: 18
train_loss: 2.296594371032715
valid_loss: 2.2967509559631347
train_accuracy: 0.174675
valid_accuracy: 0.1721
train_precision: 0.14019996544150778
valid_precision: 0.0997931350741083
train_recall: 0.1757
valid_recall: 0.1724
train_f1: 0.08184029815130757
valid_f1: 0.07865064669832504

2023-12-07 15:00:59,298 - originNet_train - INFO - Validation loss decreased (2.296751 --> 2.296751).  Saving model ...
2023-12-07 15:01:23,921 - originNet_train - INFO - Epoch: 19
train_loss: 2.2952579286575316
valid_loss: 2.2953681468963625
train_accuracy: 0.17665
valid_accuracy: 0.1749
train_precision: 0.1888142335228804
valid_precision: 0.1531862860162109
train_recall: 0.1767
valid_recall: 0.1729
train_f1: 0.08423501873653252
valid_f1: 0.08035823538797165

2023-12-07 15:01:23,922 - originNet_train - INFO - Validation loss decreased (2.295368 --> 2.295368).  Saving model ...
2023-12-07 15:01:46,922 - originNet_train - INFO - Epoch: 20
train_loss: 2.2934650875091553
valid_loss: 2.293601575088501
train_accuracy: 0.17685
valid_accuracy: 0.1726
train_precision: 0.2168178603570058
valid_precision: 0.17494994322265434
train_recall: 0.177175
valid_recall: 0.1739
train_f1: 0.08401618055129116
valid_f1: 0.08197608230319883

2023-12-07 15:01:46,922 - originNet_train - INFO - Validation loss decreased (2.293602 --> 2.293602).  Saving model ...
2023-12-07 15:02:12,324 - originNet_train - INFO - Epoch: 21
train_loss: 2.2910935815811158
valid_loss: 2.2912260841369627
train_accuracy: 0.17655
valid_accuracy: 0.171
train_precision: 0.14033489407277042
valid_precision: 0.2409331856256911
train_recall: 0.176875
valid_recall: 0.1707
train_f1: 0.08293695335628783
valid_f1: 0.07752414606544884

2023-12-07 15:02:12,324 - originNet_train - INFO - Validation loss decreased (2.291226 --> 2.291226).  Saving model ...
2023-12-07 15:02:37,327 - originNet_train - INFO - Epoch: 22
train_loss: 2.2877431177139282
valid_loss: 2.287882276535034
train_accuracy: 0.1761
valid_accuracy: 0.1737
train_precision: 0.17679965182583027
valid_precision: 0.15079861771232458
train_recall: 0.1775
valid_recall: 0.1735
train_f1: 0.08462067970961368
valid_f1: 0.08174990412203677

2023-12-07 15:02:37,328 - originNet_train - INFO - Validation loss decreased (2.287882 --> 2.287882).  Saving model ...
2023-12-07 15:03:01,249 - originNet_train - INFO - Epoch: 23
train_loss: 2.2828518907546997
valid_loss: 2.2830322425842287
train_accuracy: 0.1755
valid_accuracy: 0.1751
train_precision: 0.17357660898901492
valid_precision: 0.18591060971344142
train_recall: 0.175625
valid_recall: 0.1748
train_f1: 0.0824119535565805
valid_f1: 0.08355148051416142

2023-12-07 15:03:01,249 - originNet_train - INFO - Validation loss decreased (2.283032 --> 2.283032).  Saving model ...
2023-12-07 15:03:23,786 - originNet_train - INFO - Epoch: 24
train_loss: 2.2756132774353026
valid_loss: 2.2757655475616456
train_accuracy: 0.175775
valid_accuracy: 0.1715
train_precision: 0.17743816200929638
valid_precision: 0.1867788014039248
train_recall: 0.175475
valid_recall: 0.1718
train_f1: 0.08060360763304045
valid_f1: 0.07756798734964279

2023-12-07 15:03:23,786 - originNet_train - INFO - Validation loss decreased (2.275766 --> 2.275766).  Saving model ...
2023-12-07 15:03:48,120 - originNet_train - INFO - Epoch: 25
train_loss: 2.2644124740600584
valid_loss: 2.264787134552002
train_accuracy: 0.17565
valid_accuracy: 0.1739
train_precision: 0.19780079857428454
valid_precision: 0.21981359405354423
train_recall: 0.17515
valid_recall: 0.1715
train_f1: 0.07940415994219305
valid_f1: 0.07602550801898651

2023-12-07 15:03:48,120 - originNet_train - INFO - Validation loss decreased (2.264787 --> 2.264787).  Saving model ...
2023-12-07 15:04:13,118 - originNet_train - INFO - Epoch: 26
train_loss: 2.245666792297363
valid_loss: 2.2463756565093993
train_accuracy: 0.175725
valid_accuracy: 0.174
train_precision: 0.2187860495102796
valid_precision: 0.12762045529364058
train_recall: 0.17595
valid_recall: 0.1746
train_f1: 0.08100379933688744
valid_f1: 0.07963745189800958

2023-12-07 15:04:13,119 - originNet_train - INFO - Validation loss decreased (2.246376 --> 2.246376).  Saving model ...
2023-12-07 15:04:37,296 - originNet_train - INFO - Epoch: 27
train_loss: 2.215150826072693
valid_loss: 2.2165459133148193
train_accuracy: 0.17745
valid_accuracy: 0.1762
train_precision: 0.1590845169904755
valid_precision: 0.16207474446408035
train_recall: 0.178275
valid_recall: 0.1746
train_f1: 0.08625115843635928
valid_f1: 0.08141660791368507

2023-12-07 15:04:37,296 - originNet_train - INFO - Validation loss decreased (2.216546 --> 2.216546).  Saving model ...
2023-12-07 15:05:00,694 - originNet_train - INFO - Epoch: 28
train_loss: 2.173673340988159
valid_loss: 2.175935176086426
train_accuracy: 0.188575
valid_accuracy: 0.1874
train_precision: 0.19256343650350277
valid_precision: 0.1733272327860503
train_recall: 0.18975
valid_recall: 0.1856
train_f1: 0.10665413167275949
valid_f1: 0.10305094433083266

2023-12-07 15:05:00,695 - originNet_train - INFO - Validation loss decreased (2.175935 --> 2.175935).  Saving model ...
2023-12-07 15:05:23,287 - originNet_train - INFO - Epoch: 29
train_loss: 2.133146787929535
valid_loss: 2.1353768733978273
train_accuracy: 0.199225
valid_accuracy: 0.1956
train_precision: 0.18376132734395267
valid_precision: 0.18392439635263846
train_recall: 0.19915
valid_recall: 0.1969
train_f1: 0.1294253956586361
valid_f1: 0.12768396261019194

2023-12-07 15:05:23,287 - originNet_train - INFO - Validation loss decreased (2.135377 --> 2.135377).  Saving model ...
2023-12-07 15:05:48,250 - originNet_train - INFO - Epoch: 30
train_loss: 2.0998991641044618
valid_loss: 2.1041829929351805
train_accuracy: 0.21375
valid_accuracy: 0.2106
train_precision: 0.18131165268543467
valid_precision: 0.1807492951111056
train_recall: 0.213175
valid_recall: 0.2107
train_f1: 0.15471586486939556
valid_f1: 0.1515515830697141

2023-12-07 15:05:48,250 - originNet_train - INFO - Validation loss decreased (2.104183 --> 2.104183).  Saving model ...
2023-12-07 15:06:11,122 - originNet_train - INFO - Epoch: 31
train_loss: 2.0762648439407347
valid_loss: 2.080786315536499
train_accuracy: 0.22485
valid_accuracy: 0.2239
train_precision: 0.18981226515064253
valid_precision: 0.18133802464438162
train_recall: 0.224025
valid_recall: 0.2232
train_f1: 0.17313987335379546
valid_f1: 0.17279116525770905

2023-12-07 15:06:11,123 - originNet_train - INFO - Validation loss decreased (2.080786 --> 2.080786).  Saving model ...
2023-12-07 15:06:34,436 - originNet_train - INFO - Epoch: 32
train_loss: 2.0628937257766724
valid_loss: 2.0675182987213137
train_accuracy: 0.22985
valid_accuracy: 0.2274
train_precision: 0.20406740211910296
valid_precision: 0.19476861907218937
train_recall: 0.231375
valid_recall: 0.2281
train_f1: 0.18247052471177183
valid_f1: 0.17872299398941496

2023-12-07 15:06:34,436 - originNet_train - INFO - Validation loss decreased (2.067518 --> 2.067518).  Saving model ...
2023-12-07 15:06:56,508 - originNet_train - INFO - Epoch: 33
train_loss: 2.0539638335227965
valid_loss: 2.0586955932617186
train_accuracy: 0.23665
valid_accuracy: 0.2363
train_precision: 0.21257253660061137
valid_precision: 0.21740370249008278
train_recall: 0.235825
valid_recall: 0.237
train_f1: 0.18700870730415942
valid_f1: 0.18745969787178654

2023-12-07 15:06:56,508 - originNet_train - INFO - Validation loss decreased (2.058696 --> 2.058696).  Saving model ...
2023-12-07 15:07:17,606 - originNet_train - INFO - Epoch: 34
train_loss: 2.046142971897125
valid_loss: 2.0506934928894043
train_accuracy: 0.239975
valid_accuracy: 0.2357
train_precision: 0.20837436921873756
valid_precision: 0.17971530737072014
train_recall: 0.239425
valid_recall: 0.2349
train_f1: 0.1900079655213132
valid_f1: 0.18644356532911138

2023-12-07 15:07:17,607 - originNet_train - INFO - Validation loss decreased (2.050693 --> 2.050693).  Saving model ...
2023-12-07 15:07:39,428 - originNet_train - INFO - Epoch: 35
train_loss: 2.039060561084747
valid_loss: 2.043304261779785
train_accuracy: 0.242575
valid_accuracy: 0.2437
train_precision: 0.2135315294097268
valid_precision: 0.191940265736528
train_recall: 0.24415
valid_recall: 0.2409
train_f1: 0.1973757812501664
valid_f1: 0.19474563823170118

2023-12-07 15:07:39,428 - originNet_train - INFO - Validation loss decreased (2.043304 --> 2.043304).  Saving model ...
2023-12-07 15:08:03,399 - originNet_train - INFO - Epoch: 36
train_loss: 2.030732688331604
valid_loss: 2.0349971240997315
train_accuracy: 0.24805
valid_accuracy: 0.2429
train_precision: 0.2776987320110103
valid_precision: 0.20582962330580604
train_recall: 0.247475
valid_recall: 0.2447
train_f1: 0.21287114532827045
valid_f1: 0.209840481158379

2023-12-07 15:08:03,399 - originNet_train - INFO - Validation loss decreased (2.034997 --> 2.034997).  Saving model ...
2023-12-07 15:08:24,331 - originNet_train - INFO - Epoch: 37
train_loss: 2.022242641353607
valid_loss: 2.0270189395904543
train_accuracy: 0.248325
valid_accuracy: 0.2452
train_precision: 0.22848231171490407
valid_precision: 0.20419372160395413
train_recall: 0.248625
valid_recall: 0.2446
train_f1: 0.20693933886270133
valid_f1: 0.20190980970720118

2023-12-07 15:08:24,331 - originNet_train - INFO - Validation loss decreased (2.027019 --> 2.027019).  Saving model ...
2023-12-07 15:08:46,864 - originNet_train - INFO - Epoch: 38
train_loss: 2.0138671772956847
valid_loss: 2.016900535583496
train_accuracy: 0.252825
valid_accuracy: 0.2519
train_precision: 0.22359803158318828
valid_precision: 0.20572952441988804
train_recall: 0.253425
valid_recall: 0.2521
train_f1: 0.21007291030167016
valid_f1: 0.20790837910104737

2023-12-07 15:08:46,864 - originNet_train - INFO - Validation loss decreased (2.016901 --> 2.016901).  Saving model ...
2023-12-07 15:09:07,883 - originNet_train - INFO - Epoch: 39
train_loss: 2.0044231288909913
valid_loss: 2.008949393463135
train_accuracy: 0.2541
valid_accuracy: 0.2513
train_precision: 0.22604810561210192
valid_precision: 0.2001011185530807
train_recall: 0.2533
valid_recall: 0.2511
train_f1: 0.2055623032334556
valid_f1: 0.2034898754495413

2023-12-07 15:09:07,884 - originNet_train - INFO - Validation loss decreased (2.008949 --> 2.008949).  Saving model ...
2023-12-07 15:09:30,280 - originNet_train - INFO - Epoch: 40
train_loss: 1.9948017132759095
valid_loss: 1.9983600696563721
train_accuracy: 0.25735
valid_accuracy: 0.2585
train_precision: 0.32846059352451423
valid_precision: 0.22336271777060615
train_recall: 0.2575
valid_recall: 0.2537
train_f1: 0.21327191420171793
valid_f1: 0.20904483101631677

2023-12-07 15:09:30,280 - originNet_train - INFO - Validation loss decreased (1.998360 --> 1.998360).  Saving model ...
2023-12-07 15:09:54,968 - originNet_train - INFO - Epoch: 41
train_loss: 1.984716764163971
valid_loss: 1.9874544729232788
train_accuracy: 0.262475
valid_accuracy: 0.2587
train_precision: 0.23069881195216171
valid_precision: 0.2279930375372458
train_recall: 0.261175
valid_recall: 0.2575
train_f1: 0.21888509872976578
valid_f1: 0.2155990101545213

2023-12-07 15:09:54,968 - originNet_train - INFO - Validation loss decreased (1.987454 --> 1.987454).  Saving model ...
2023-12-07 15:10:16,368 - originNet_train - INFO - Epoch: 42
train_loss: 1.973379116153717
valid_loss: 1.9777287406921387
train_accuracy: 0.267175
valid_accuracy: 0.2638
train_precision: 0.23292988085487779
valid_precision: 0.22513597445011638
train_recall: 0.26735
valid_recall: 0.2639
train_f1: 0.22747292271555822
valid_f1: 0.22395306167439585

2023-12-07 15:10:16,368 - originNet_train - INFO - Validation loss decreased (1.977729 --> 1.977729).  Saving model ...
2023-12-07 15:10:40,444 - originNet_train - INFO - Epoch: 43
train_loss: 1.962351321697235
valid_loss: 1.9651990337371825
train_accuracy: 0.269525
valid_accuracy: 0.2683
train_precision: 0.23516873589262285
valid_precision: 0.22638411372080677
train_recall: 0.270475
valid_recall: 0.2676
train_f1: 0.22820205865733673
valid_f1: 0.2251729328665279

2023-12-07 15:10:40,444 - originNet_train - INFO - Validation loss decreased (1.965199 --> 1.965199).  Saving model ...
2023-12-07 15:11:02,823 - originNet_train - INFO - Epoch: 44
train_loss: 1.9507164046287537
valid_loss: 1.95407407913208
train_accuracy: 0.275
valid_accuracy: 0.2704
train_precision: 0.2415923616330676
valid_precision: 0.2360935021550025
train_recall: 0.2745
valid_recall: 0.2705
train_f1: 0.2346815813227609
valid_f1: 0.22993223148934977

2023-12-07 15:11:02,823 - originNet_train - INFO - Validation loss decreased (1.954074 --> 1.954074).  Saving model ...
2023-12-07 15:11:24,447 - originNet_train - INFO - Epoch: 45
train_loss: 1.9379034916877746
valid_loss: 1.9425341526031494
train_accuracy: 0.277925
valid_accuracy: 0.2776
train_precision: 0.27056716470464715
valid_precision: 0.3031218706799735
train_recall: 0.2787
valid_recall: 0.2767
train_f1: 0.23153834857158567
valid_f1: 0.22984505031909758

2023-12-07 15:11:24,447 - originNet_train - INFO - Validation loss decreased (1.942534 --> 1.942534).  Saving model ...
2023-12-07 15:11:48,413 - originNet_train - INFO - Epoch: 46
train_loss: 1.9248776408195496
valid_loss: 1.9294562873840333
train_accuracy: 0.28145
valid_accuracy: 0.2795
train_precision: 0.29275327939174933
valid_precision: 0.306687948521351
train_recall: 0.280925
valid_recall: 0.2784
train_f1: 0.2391361621184512
valid_f1: 0.23744076690303942

2023-12-07 15:11:48,414 - originNet_train - INFO - Validation loss decreased (1.929456 --> 1.929456).  Saving model ...
2023-12-07 15:12:10,841 - originNet_train - INFO - Epoch: 47
train_loss: 1.91322567653656
valid_loss: 1.9155048530578613
train_accuracy: 0.28655
valid_accuracy: 0.2874
train_precision: 0.28985741155558575
valid_precision: 0.26740696836715033
train_recall: 0.28535
valid_recall: 0.281
train_f1: 0.24186748871950098
valid_f1: 0.238522054457889

2023-12-07 15:12:10,841 - originNet_train - INFO - Validation loss decreased (1.915505 --> 1.915505).  Saving model ...
2023-12-07 15:12:32,238 - originNet_train - INFO - Epoch: 48
train_loss: 1.898117218017578
valid_loss: 1.9008977060317993
train_accuracy: 0.291775
valid_accuracy: 0.2925
train_precision: 0.29182738462909846
valid_precision: 0.30416475808011667
train_recall: 0.293675
valid_recall: 0.291
train_f1: 0.25342149296395206
valid_f1: 0.2528232627411502

2023-12-07 15:12:32,238 - originNet_train - INFO - Validation loss decreased (1.900898 --> 1.900898).  Saving model ...
2023-12-07 15:12:56,143 - originNet_train - INFO - Epoch: 49
train_loss: 1.8857575852394104
valid_loss: 1.8872730249404908
train_accuracy: 0.296875
valid_accuracy: 0.2974
train_precision: 0.3058422316148753
valid_precision: 0.28902587279868114
train_recall: 0.2979
valid_recall: 0.2963
train_f1: 0.25716580240843157
valid_f1: 0.2562167044062512

2023-12-07 15:12:56,144 - originNet_train - INFO - Validation loss decreased (1.887273 --> 1.887273).  Saving model ...
2023-12-07 15:13:19,353 - originNet_train - INFO - Epoch: 50
train_loss: 1.8705973417282105
valid_loss: 1.8735472763061523
train_accuracy: 0.30075
valid_accuracy: 0.3005
train_precision: 0.29587509868919826
valid_precision: 0.29383237319723937
train_recall: 0.302225
valid_recall: 0.298
train_f1: 0.26706818972849294
valid_f1: 0.26549095107759285

2023-12-07 15:13:19,353 - originNet_train - INFO - Validation loss decreased (1.873547 --> 1.873547).  Saving model ...
2023-12-07 15:13:40,719 - originNet_train - INFO - Epoch: 51
train_loss: 1.8534168358802796
valid_loss: 1.8545700542449952
train_accuracy: 0.30505
valid_accuracy: 0.3012
train_precision: 0.30179316086707947
valid_precision: 0.2958932899984163
train_recall: 0.3054
valid_recall: 0.3
train_f1: 0.26153584799932605
valid_f1: 0.25773388459854957

2023-12-07 15:13:40,719 - originNet_train - INFO - Validation loss decreased (1.854570 --> 1.854570).  Saving model ...
2023-12-07 15:14:07,469 - originNet_train - INFO - Epoch: 52
train_loss: 1.839273958683014
valid_loss: 1.8404780220031738
train_accuracy: 0.313425
valid_accuracy: 0.3103
train_precision: 0.3129284892458095
valid_precision: 0.30127202091736355
train_recall: 0.313075
valid_recall: 0.3069
train_f1: 0.27804662522259144
valid_f1: 0.2726843879947339

2023-12-07 15:14:07,469 - originNet_train - INFO - Validation loss decreased (1.840478 --> 1.840478).  Saving model ...
2023-12-07 15:14:35,912 - originNet_train - INFO - Epoch: 53
train_loss: 1.8225385094642639
valid_loss: 1.8244367876052856
train_accuracy: 0.320575
valid_accuracy: 0.3112
train_precision: 0.31571773702471034
valid_precision: 0.31354369359638035
train_recall: 0.321075
valid_recall: 0.3166
train_f1: 0.28701852932898536
valid_f1: 0.2836249350719879

2023-12-07 15:14:35,912 - originNet_train - INFO - Validation loss decreased (1.824437 --> 1.824437).  Saving model ...
2023-12-07 15:15:02,679 - originNet_train - INFO - Epoch: 54
train_loss: 1.8110616618156432
valid_loss: 1.8119022506713867
train_accuracy: 0.32745
valid_accuracy: 0.3254
train_precision: 0.32236568390903503
valid_precision: 0.31583735623727544
train_recall: 0.3296
valid_recall: 0.3241
train_f1: 0.3000827024432497
valid_f1: 0.2955921199216823

2023-12-07 15:15:02,679 - originNet_train - INFO - Validation loss decreased (1.811902 --> 1.811902).  Saving model ...
2023-12-07 15:15:28,346 - originNet_train - INFO - Epoch: 55
train_loss: 1.7946569505691528
valid_loss: 1.7925745286941528
train_accuracy: 0.33195
valid_accuracy: 0.323
train_precision: 0.33002856865970787
valid_precision: 0.3153150198641993
train_recall: 0.329975
valid_recall: 0.3197
train_f1: 0.2983650139678913
valid_f1: 0.28827262269256543

2023-12-07 15:15:28,346 - originNet_train - INFO - Validation loss decreased (1.792575 --> 1.792575).  Saving model ...
2023-12-07 15:15:52,845 - originNet_train - INFO - Epoch: 56
train_loss: 1.780242364883423
valid_loss: 1.783115588760376
train_accuracy: 0.339975
valid_accuracy: 0.3313
train_precision: 0.33384241272831766
valid_precision: 0.32789331885952244
train_recall: 0.3406
valid_recall: 0.3346
train_f1: 0.3210406491715865
valid_f1: 0.31484198335696534

2023-12-07 15:15:52,845 - originNet_train - INFO - Validation loss decreased (1.783116 --> 1.783116).  Saving model ...
2023-12-07 15:16:18,859 - originNet_train - INFO - Epoch: 57
train_loss: 1.7656656488418578
valid_loss: 1.7676614059448241
train_accuracy: 0.341225
valid_accuracy: 0.3376
train_precision: 0.33410459945964605
valid_precision: 0.3315405388759813
train_recall: 0.3409
valid_recall: 0.3382
train_f1: 0.3173912147375243
valid_f1: 0.31440784562301244

2023-12-07 15:16:18,860 - originNet_train - INFO - Validation loss decreased (1.767661 --> 1.767661).  Saving model ...
2023-12-07 15:16:45,888 - originNet_train - INFO - Epoch: 58
train_loss: 1.7550206090927123
valid_loss: 1.7590330028533936
train_accuracy: 0.34715
valid_accuracy: 0.3408
train_precision: 0.34134216135442386
valid_precision: 0.3373423513499525
train_recall: 0.34685
valid_recall: 0.3394
train_f1: 0.32173378833401733
valid_f1: 0.3151215317754584

2023-12-07 15:16:45,888 - originNet_train - INFO - Validation loss decreased (1.759033 --> 1.759033).  Saving model ...
2023-12-07 15:17:12,790 - originNet_train - INFO - Epoch: 59
train_loss: 1.7413508486747742
valid_loss: 1.744546082687378
train_accuracy: 0.35695
valid_accuracy: 0.3493
train_precision: 0.3513238950871071
valid_precision: 0.3472715421744987
train_recall: 0.356175
valid_recall: 0.3553
train_f1: 0.3460596235226276
valid_f1: 0.34418499128031943

2023-12-07 15:17:12,791 - originNet_train - INFO - Validation loss decreased (1.744546 --> 1.744546).  Saving model ...
2023-12-07 15:17:38,383 - originNet_train - INFO - Epoch: 60
train_loss: 1.7296627840042114
valid_loss: 1.730620025253296
train_accuracy: 0.35955
valid_accuracy: 0.3478
train_precision: 0.3554581169396014
valid_precision: 0.3489641743054117
train_recall: 0.357575
valid_recall: 0.352
train_f1: 0.3396202934743475
valid_f1: 0.3342459198005366

2023-12-07 15:17:38,383 - originNet_train - INFO - Validation loss decreased (1.730620 --> 1.730620).  Saving model ...
2023-12-07 15:18:03,531 - originNet_train - INFO - Epoch: 61
train_loss: 1.7172634781837464
valid_loss: 1.7182615942001342
train_accuracy: 0.366875
valid_accuracy: 0.3544
train_precision: 0.35397674540304164
valid_precision: 0.35048691312092145
train_recall: 0.365125
valid_recall: 0.3621
train_f1: 0.34989783417111403
valid_f1: 0.3462690122799979

2023-12-07 15:18:03,531 - originNet_train - INFO - Validation loss decreased (1.718262 --> 1.718262).  Saving model ...
2023-12-07 15:18:30,247 - originNet_train - INFO - Epoch: 62
train_loss: 1.7034706462860107
valid_loss: 1.7065451879501343
train_accuracy: 0.371725
valid_accuracy: 0.3638
train_precision: 0.36622135295888736
valid_precision: 0.3612566975477898
train_recall: 0.373275
valid_recall: 0.3682
train_f1: 0.36418046736817894
valid_f1: 0.3589401121335912

2023-12-07 15:18:30,247 - originNet_train - INFO - Validation loss decreased (1.706545 --> 1.706545).  Saving model ...
2023-12-07 15:18:58,009 - originNet_train - INFO - Epoch: 63
train_loss: 1.690756667137146
valid_loss: 1.695444051170349
train_accuracy: 0.374025
valid_accuracy: 0.3698
train_precision: 0.36792016611902917
valid_precision: 0.3627037524338669
train_recall: 0.377375
valid_recall: 0.3697
train_f1: 0.3585486346933325
valid_f1: 0.3506678559714475

2023-12-07 15:18:58,009 - originNet_train - INFO - Validation loss decreased (1.695444 --> 1.695444).  Saving model ...
2023-12-07 15:19:24,545 - originNet_train - INFO - Epoch: 64
train_loss: 1.6788683548927308
valid_loss: 1.6836290086746215
train_accuracy: 0.38225
valid_accuracy: 0.3751
train_precision: 0.37258761877759056
valid_precision: 0.35978144131202366
train_recall: 0.380975
valid_recall: 0.3721
train_f1: 0.36635616301843094
valid_f1: 0.35531556432317396

2023-12-07 15:19:24,545 - originNet_train - INFO - Validation loss decreased (1.683629 --> 1.683629).  Saving model ...
2023-12-07 15:19:49,409 - originNet_train - INFO - Epoch: 65
train_loss: 1.6677338786125182
valid_loss: 1.6757455419540406
train_accuracy: 0.3872
valid_accuracy: 0.3771
train_precision: 0.37972058220982063
valid_precision: 0.3725559647290113
train_recall: 0.3872
valid_recall: 0.3791
train_f1: 0.37930165236550517
valid_f1: 0.3705551232639769

2023-12-07 15:19:49,409 - originNet_train - INFO - Validation loss decreased (1.675746 --> 1.675746).  Saving model ...
2023-12-07 15:20:15,420 - originNet_train - INFO - Epoch: 66
train_loss: 1.6541582444190979
valid_loss: 1.6559802545547486
train_accuracy: 0.39135
valid_accuracy: 0.3781
train_precision: 0.38237756206771767
valid_precision: 0.37327997777490957
train_recall: 0.392675
valid_recall: 0.3829
train_f1: 0.3782488356534638
valid_f1: 0.3675269803029757

2023-12-07 15:20:15,420 - originNet_train - INFO - Validation loss decreased (1.655980 --> 1.655980).  Saving model ...
2023-12-07 15:20:41,038 - originNet_train - INFO - Epoch: 67
train_loss: 1.6449997268676757
valid_loss: 1.652845700454712
train_accuracy: 0.396025
valid_accuracy: 0.3895
train_precision: 0.3865713348885095
valid_precision: 0.3824056694442608
train_recall: 0.3959
valid_recall: 0.3921
train_f1: 0.38409000891145995
valid_f1: 0.37910188744282514

2023-12-07 15:20:41,038 - originNet_train - INFO - Validation loss decreased (1.652846 --> 1.652846).  Saving model ...
2023-12-07 15:21:05,282 - originNet_train - INFO - Epoch: 68
train_loss: 1.6336666290283204
valid_loss: 1.6391550058364868
train_accuracy: 0.399625
valid_accuracy: 0.3888
train_precision: 0.3952289537172936
valid_precision: 0.3825884143288556
train_recall: 0.3996
valid_recall: 0.3914
train_f1: 0.3887858003835727
valid_f1: 0.3789421563539555

2023-12-07 15:21:05,282 - originNet_train - INFO - Validation loss decreased (1.639155 --> 1.639155).  Saving model ...
2023-12-07 15:21:29,858 - originNet_train - INFO - Epoch: 69
train_loss: 1.6265164341926575
valid_loss: 1.6335595510482788
train_accuracy: 0.403375
valid_accuracy: 0.3903
train_precision: 0.3991718220735432
valid_precision: 0.38511839862881475
train_recall: 0.40225
valid_recall: 0.3918
train_f1: 0.39253851018755553
valid_f1: 0.380344242130008

2023-12-07 15:21:29,858 - originNet_train - INFO - Validation loss decreased (1.633560 --> 1.633560).  Saving model ...
2023-12-07 15:21:54,970 - originNet_train - INFO - Epoch: 70
train_loss: 1.619405238056183
valid_loss: 1.628077022743225
train_accuracy: 0.4057
valid_accuracy: 0.3944
train_precision: 0.4046555244092802
valid_precision: 0.39117115883010545
train_recall: 0.407025
valid_recall: 0.3922
train_f1: 0.3971091036453469
valid_f1: 0.38252345706989166

2023-12-07 15:21:54,970 - originNet_train - INFO - Validation loss decreased (1.628077 --> 1.628077).  Saving model ...
2023-12-07 15:22:21,589 - originNet_train - INFO - Epoch: 71
train_loss: 1.6016052101135254
valid_loss: 1.6083774768829346
train_accuracy: 0.4157
valid_accuracy: 0.3938
train_precision: 0.4118352614059692
valid_precision: 0.3977483608580788
train_recall: 0.415875
valid_recall: 0.4029
train_f1: 0.4119717459999401
valid_f1: 0.3982837896435763

2023-12-07 15:22:21,590 - originNet_train - INFO - Validation loss decreased (1.608377 --> 1.608377).  Saving model ...
2023-12-07 15:22:48,132 - originNet_train - INFO - Epoch: 72
train_loss: 1.5939443299293519
valid_loss: 1.6006157329559325
train_accuracy: 0.416675
valid_accuracy: 0.4032
train_precision: 0.4083270942092508
valid_precision: 0.3985854820665608
train_recall: 0.41425
valid_recall: 0.404
train_f1: 0.40110767858123125
valid_f1: 0.38999813055907046

2023-12-07 15:22:48,133 - originNet_train - INFO - Validation loss decreased (1.600616 --> 1.600616).  Saving model ...
2023-12-07 15:23:11,836 - originNet_train - INFO - Epoch: 73
train_loss: 1.5871655507087707
valid_loss: 1.5929304597854614
train_accuracy: 0.420725
valid_accuracy: 0.4077
train_precision: 0.42019430987952866
valid_precision: 0.40823766650386845
train_recall: 0.41905
valid_recall: 0.4102
train_f1: 0.41301513634112325
valid_f1: 0.40301725210551725

2023-12-07 15:23:11,836 - originNet_train - INFO - Validation loss decreased (1.592930 --> 1.592930).  Saving model ...
2023-12-07 15:23:36,471 - originNet_train - INFO - Epoch: 74
train_loss: 1.5880229855537416
valid_loss: 1.590951788330078
train_accuracy: 0.421075
valid_accuracy: 0.4073
train_precision: 0.4186030646608266
valid_precision: 0.404841734919667
train_recall: 0.421775
valid_recall: 0.4078
train_f1: 0.41342032348544405
valid_f1: 0.39892117617886286

2023-12-07 15:23:36,472 - originNet_train - INFO - Validation loss decreased (1.590952 --> 1.590952).  Saving model ...
2023-12-07 15:23:59,532 - originNet_train - INFO - Epoch: 75
train_loss: 1.5692375324249268
valid_loss: 1.577124179649353
train_accuracy: 0.427875
valid_accuracy: 0.416
train_precision: 0.4231429127797283
valid_precision: 0.4087203061348825
train_recall: 0.426775
valid_recall: 0.416
train_f1: 0.41569781501522696
valid_f1: 0.40357304224849927

2023-12-07 15:23:59,533 - originNet_train - INFO - Validation loss decreased (1.577124 --> 1.577124).  Saving model ...
2023-12-07 15:24:24,077 - originNet_train - INFO - Epoch: 76
train_loss: 1.560404494380951
valid_loss: 1.5713796173095702
train_accuracy: 0.42985
valid_accuracy: 0.4175
train_precision: 0.42703735898691686
valid_precision: 0.4102698802392597
train_recall: 0.43195
valid_recall: 0.4158
train_f1: 0.42379333914237466
valid_f1: 0.4073767228705376

2023-12-07 15:24:24,077 - originNet_train - INFO - Validation loss decreased (1.571380 --> 1.571380).  Saving model ...
2023-12-07 15:24:47,434 - originNet_train - INFO - Epoch: 77
train_loss: 1.549103851222992
valid_loss: 1.5568763509750365
train_accuracy: 0.4332
valid_accuracy: 0.4226
train_precision: 0.4296417089065182
valid_precision: 0.4135710547773124
train_recall: 0.435525
valid_recall: 0.4226
train_f1: 0.425100111202106
valid_f1: 0.4110845780998598

2023-12-07 15:24:47,435 - originNet_train - INFO - Validation loss decreased (1.556876 --> 1.556876).  Saving model ...
2023-12-07 15:25:11,739 - originNet_train - INFO - Epoch: 78
train_loss: 1.557685812473297
valid_loss: 1.5650730604171752
train_accuracy: 0.4342
valid_accuracy: 0.4225
train_precision: 0.4338367793607434
valid_precision: 0.41581099600142063
train_recall: 0.434775
valid_recall: 0.4208
train_f1: 0.4253945383116247
valid_f1: 0.4098689742120492

2023-12-07 15:25:35,385 - originNet_train - INFO - Epoch: 79
train_loss: 1.531639684486389
valid_loss: 1.5457351968765258
train_accuracy: 0.4411
valid_accuracy: 0.4246
train_precision: 0.43538793256962866
valid_precision: 0.4120985442438292
train_recall: 0.443575
valid_recall: 0.4215
train_f1: 0.43456364229760513
valid_f1: 0.41179419740991224

2023-12-07 15:25:35,385 - originNet_train - INFO - Validation loss decreased (1.545735 --> 1.545735).  Saving model ...
2023-12-07 15:25:59,033 - originNet_train - INFO - Epoch: 80
train_loss: 1.5318897236824036
valid_loss: 1.545939089012146
train_accuracy: 0.44105
valid_accuracy: 0.4278
train_precision: 0.4364528170690289
valid_precision: 0.42317083706812725
train_recall: 0.437375
valid_recall: 0.4211
train_f1: 0.43059162485648356
valid_f1: 0.4152414978356321

2023-12-07 15:26:22,856 - originNet_train - INFO - Epoch: 81
train_loss: 1.5228341826438905
valid_loss: 1.5349678092956542
train_accuracy: 0.4455
valid_accuracy: 0.4286
train_precision: 0.445463482191118
valid_precision: 0.4274017650013628
train_recall: 0.44755
valid_recall: 0.4304
train_f1: 0.4405154823688422
valid_f1: 0.4227031432407205

2023-12-07 15:26:22,856 - originNet_train - INFO - Validation loss decreased (1.534968 --> 1.534968).  Saving model ...
2023-12-07 15:26:46,952 - originNet_train - INFO - Epoch: 82
train_loss: 1.509904123401642
valid_loss: 1.524044938659668
train_accuracy: 0.446725
valid_accuracy: 0.4314
train_precision: 0.4407946589005218
valid_precision: 0.42908897737090673
train_recall: 0.447475
valid_recall: 0.4348
train_f1: 0.43859104080168515
valid_f1: 0.4248615714433809

2023-12-07 15:26:46,953 - originNet_train - INFO - Validation loss decreased (1.524045 --> 1.524045).  Saving model ...
2023-12-07 15:27:14,776 - originNet_train - INFO - Epoch: 83
train_loss: 1.516056997013092
valid_loss: 1.52982194480896
train_accuracy: 0.449525
valid_accuracy: 0.4355
train_precision: 0.4418553959820646
valid_precision: 0.42845487413709843
train_recall: 0.447775
valid_recall: 0.4367
train_f1: 0.4367570447979423
valid_f1: 0.4246771283305314

2023-12-07 15:27:43,349 - originNet_train - INFO - Epoch: 84
train_loss: 1.4969573113918304
valid_loss: 1.5094853160858155
train_accuracy: 0.456525
valid_accuracy: 0.4384
train_precision: 0.45449503102246863
valid_precision: 0.44000198409711794
train_recall: 0.4565
valid_recall: 0.4418
train_f1: 0.45135568239012025
valid_f1: 0.43627557888211776

2023-12-07 15:27:43,349 - originNet_train - INFO - Validation loss decreased (1.509485 --> 1.509485).  Saving model ...
2023-12-07 15:28:09,104 - originNet_train - INFO - Epoch: 85
train_loss: 1.4820129256248473
valid_loss: 1.4905049060821534
train_accuracy: 0.46015
valid_accuracy: 0.4488
train_precision: 0.4539420931892341
valid_precision: 0.4385818419266538
train_recall: 0.459075
valid_recall: 0.4443
train_f1: 0.45346745684098316
valid_f1: 0.43861830833842685

2023-12-07 15:28:09,105 - originNet_train - INFO - Validation loss decreased (1.490505 --> 1.490505).  Saving model ...
2023-12-07 15:28:34,587 - originNet_train - INFO - Epoch: 86
train_loss: 1.483859372329712
valid_loss: 1.5053604957580566
train_accuracy: 0.459375
valid_accuracy: 0.4363
train_precision: 0.45505599894685456
valid_precision: 0.4342869651327217
train_recall: 0.45895
valid_recall: 0.4379
train_f1: 0.45144002973121333
valid_f1: 0.43060142942579704

2023-12-07 15:29:00,927 - originNet_train - INFO - Epoch: 87
train_loss: 1.4722974375247955
valid_loss: 1.4895512060165406
train_accuracy: 0.463875
valid_accuracy: 0.4505
train_precision: 0.45913140403741143
valid_precision: 0.44590915445649837
train_recall: 0.46485
valid_recall: 0.4503
train_f1: 0.4598394262463753
valid_f1: 0.44568035424835645

2023-12-07 15:29:00,927 - originNet_train - INFO - Validation loss decreased (1.489551 --> 1.489551).  Saving model ...
2023-12-07 15:29:27,908 - originNet_train - INFO - Epoch: 88
train_loss: 1.4671150587558746
valid_loss: 1.4848443016052246
train_accuracy: 0.46825
valid_accuracy: 0.4502
train_precision: 0.46248747797002604
valid_precision: 0.44847944676795426
train_recall: 0.4665
valid_recall: 0.453
train_f1: 0.4615253447774413
valid_f1: 0.4475315725690149

2023-12-07 15:29:27,908 - originNet_train - INFO - Validation loss decreased (1.484844 --> 1.484844).  Saving model ...
2023-12-07 15:29:52,276 - originNet_train - INFO - Epoch: 89
train_loss: 1.4562153315067292
valid_loss: 1.4739185102462768
train_accuracy: 0.470275
valid_accuracy: 0.4505
train_precision: 0.4641725126417915
valid_precision: 0.4515425760970419
train_recall: 0.4698
valid_recall: 0.4578
train_f1: 0.4593305420856016
valid_f1: 0.44800953662039217

2023-12-07 15:29:52,276 - originNet_train - INFO - Validation loss decreased (1.473919 --> 1.473919).  Saving model ...
2023-12-07 15:30:18,006 - originNet_train - INFO - Epoch: 90
train_loss: 1.4531775057315826
valid_loss: 1.476623600769043
train_accuracy: 0.469725
valid_accuracy: 0.4461
train_precision: 0.4655222310806152
valid_precision: 0.44713194657814137
train_recall: 0.469475
valid_recall: 0.4496
train_f1: 0.46234140594017137
valid_f1: 0.4426495058229467

2023-12-07 15:30:41,520 - originNet_train - INFO - Epoch: 91
train_loss: 1.4464385853767394
valid_loss: 1.4651721296310425
train_accuracy: 0.475675
valid_accuracy: 0.4564
train_precision: 0.47176260125541686
valid_precision: 0.45626213809132987
train_recall: 0.4743
valid_recall: 0.4578
train_f1: 0.46879848031452803
valid_f1: 0.4525546213986843

2023-12-07 15:30:41,520 - originNet_train - INFO - Validation loss decreased (1.465172 --> 1.465172).  Saving model ...
2023-12-07 15:31:05,225 - originNet_train - INFO - Epoch: 92
train_loss: 1.444183009338379
valid_loss: 1.4616566385269165
train_accuracy: 0.475875
valid_accuracy: 0.4579
train_precision: 0.47570269844665036
valid_precision: 0.4661469072847055
train_recall: 0.47275
valid_recall: 0.4637
train_f1: 0.46645790385558755
valid_f1: 0.4575290608688264

2023-12-07 15:31:05,225 - originNet_train - INFO - Validation loss decreased (1.461657 --> 1.461657).  Saving model ...
2023-12-07 15:31:29,710 - originNet_train - INFO - Epoch: 93
train_loss: 1.4320539015769957
valid_loss: 1.4516955772399902
train_accuracy: 0.4785
valid_accuracy: 0.46
train_precision: 0.47691587123802437
valid_precision: 0.4597924306676154
train_recall: 0.479625
valid_recall: 0.4628
train_f1: 0.47520125534165775
valid_f1: 0.45866950912736076

2023-12-07 15:31:29,710 - originNet_train - INFO - Validation loss decreased (1.451696 --> 1.451696).  Saving model ...
2023-12-07 15:31:54,825 - originNet_train - INFO - Epoch: 94
train_loss: 1.4241686036109924
valid_loss: 1.445609268951416
train_accuracy: 0.48245
valid_accuracy: 0.4676
train_precision: 0.4792839779183919
valid_precision: 0.4631357136306146
train_recall: 0.48415
valid_recall: 0.4671
train_f1: 0.4768176448014936
valid_f1: 0.46010359910450926

2023-12-07 15:31:54,825 - originNet_train - INFO - Validation loss decreased (1.445609 --> 1.445609).  Saving model ...
2023-12-07 15:32:18,005 - originNet_train - INFO - Epoch: 95
train_loss: 1.4244883401870727
valid_loss: 1.4428437623977661
train_accuracy: 0.484725
valid_accuracy: 0.4733
train_precision: 0.4796181637920772
valid_precision: 0.460694796238808
train_recall: 0.484125
valid_recall: 0.4661
train_f1: 0.4759030879788218
valid_f1: 0.45780450062470646

2023-12-07 15:32:18,005 - originNet_train - INFO - Validation loss decreased (1.442844 --> 1.442844).  Saving model ...
2023-12-07 15:32:43,267 - originNet_train - INFO - Epoch: 96
train_loss: 1.4133673088550567
valid_loss: 1.43768363571167
train_accuracy: 0.487525
valid_accuracy: 0.4659
train_precision: 0.48582082122060327
valid_precision: 0.46707237539069063
train_recall: 0.4897
valid_recall: 0.468
train_f1: 0.48605044253644963
valid_f1: 0.4655525562162926

2023-12-07 15:32:43,267 - originNet_train - INFO - Validation loss decreased (1.437684 --> 1.437684).  Saving model ...
2023-12-07 15:33:08,678 - originNet_train - INFO - Epoch: 97
train_loss: 1.4185802739143372
valid_loss: 1.437856842803955
train_accuracy: 0.48665
valid_accuracy: 0.4703
train_precision: 0.49181055639729837
valid_precision: 0.47679741940985315
train_recall: 0.48705
valid_recall: 0.4749
train_f1: 0.48431611452255985
valid_f1: 0.47166573517849764

2023-12-07 15:33:32,529 - originNet_train - INFO - Epoch: 98
train_loss: 1.4039466697216034
valid_loss: 1.4281822200775147
train_accuracy: 0.49125
valid_accuracy: 0.4757
train_precision: 0.4857225370737154
valid_precision: 0.4666273555015056
train_recall: 0.49135
valid_recall: 0.4719
train_f1: 0.48446436750284827
valid_f1: 0.46590525500563473

2023-12-07 15:33:32,529 - originNet_train - INFO - Validation loss decreased (1.428182 --> 1.428182).  Saving model ...
2023-12-07 15:33:59,914 - originNet_train - INFO - Epoch: 99
train_loss: 1.3985157330513
valid_loss: 1.4203241713523864
train_accuracy: 0.493
valid_accuracy: 0.4741
train_precision: 0.49079701144149396
valid_precision: 0.47239928190966246
train_recall: 0.494125
valid_recall: 0.4758
train_f1: 0.4894276613881738
valid_f1: 0.4714327446664629

2023-12-07 15:33:59,915 - originNet_train - INFO - Validation loss decreased (1.420324 --> 1.420324).  Saving model ...
2023-12-07 15:34:23,842 - originNet_train - INFO - Epoch: 100
train_loss: 1.3902586792945861
valid_loss: 1.4163638082504273
train_accuracy: 0.498875
valid_accuracy: 0.4814
train_precision: 0.4942709924385617
valid_precision: 0.4745973510313527
train_recall: 0.4963
valid_recall: 0.4769
train_f1: 0.492043518249539
valid_f1: 0.47274125505500786

2023-12-07 15:34:23,843 - originNet_train - INFO - Validation loss decreased (1.416364 --> 1.416364).  Saving model ...
2023-12-07 15:34:46,910 - originNet_train - INFO - Epoch: 101
train_loss: 1.3913792104244231
valid_loss: 1.413954491996765
train_accuracy: 0.497875
valid_accuracy: 0.4846
train_precision: 0.4944857074632826
valid_precision: 0.48086088178021
train_recall: 0.4976
valid_recall: 0.4845
train_f1: 0.49119111471520954
valid_f1: 0.47831730190136923

2023-12-07 15:34:46,910 - originNet_train - INFO - Validation loss decreased (1.413954 --> 1.413954).  Saving model ...
2023-12-07 15:35:10,833 - originNet_train - INFO - Epoch: 102
train_loss: 1.388133654165268
valid_loss: 1.408810457420349
train_accuracy: 0.501925
valid_accuracy: 0.4869
train_precision: 0.499346257560536
valid_precision: 0.48675911541540606
train_recall: 0.4999
valid_recall: 0.4874
train_f1: 0.496615582992207
valid_f1: 0.4844402856389388

2023-12-07 15:35:10,833 - originNet_train - INFO - Validation loss decreased (1.408810 --> 1.408810).  Saving model ...
2023-12-07 15:35:36,258 - originNet_train - INFO - Epoch: 103
train_loss: 1.3931791984081268
valid_loss: 1.4136260271072387
train_accuracy: 0.493175
valid_accuracy: 0.4765
train_precision: 0.4920843498781995
valid_precision: 0.469906302391558
train_recall: 0.49485
valid_recall: 0.4725
train_f1: 0.4847879653444815
valid_f1: 0.4621306546688901

2023-12-07 15:35:59,618 - originNet_train - INFO - Epoch: 104
train_loss: 1.3771132963180541
valid_loss: 1.4071659132003784
train_accuracy: 0.50125
valid_accuracy: 0.4839
train_precision: 0.49705673957408836
valid_precision: 0.4814887902310046
train_recall: 0.501875
valid_recall: 0.4841
train_f1: 0.4942225474865527
valid_f1: 0.4776024217586759

2023-12-07 15:35:59,619 - originNet_train - INFO - Validation loss decreased (1.407166 --> 1.407166).  Saving model ...
2023-12-07 15:36:24,557 - originNet_train - INFO - Epoch: 105
train_loss: 1.3747509075164794
valid_loss: 1.3952743204116822
train_accuracy: 0.504425
valid_accuracy: 0.4887
train_precision: 0.5054662298582892
valid_precision: 0.48383607869006456
train_recall: 0.50615
valid_recall: 0.4853
train_f1: 0.5004805897178952
valid_f1: 0.4796521857440338

2023-12-07 15:36:24,557 - originNet_train - INFO - Validation loss decreased (1.395274 --> 1.395274).  Saving model ...
2023-12-07 15:36:47,874 - originNet_train - INFO - Epoch: 106
train_loss: 1.3582868453502654
valid_loss: 1.3871805097579957
train_accuracy: 0.509925
valid_accuracy: 0.4911
train_precision: 0.501339345485864
valid_precision: 0.4874456132325745
train_recall: 0.507525
valid_recall: 0.4941
train_f1: 0.502036320718852
valid_f1: 0.4887803492523224

2023-12-07 15:36:47,874 - originNet_train - INFO - Validation loss decreased (1.387181 --> 1.387181).  Saving model ...
2023-12-07 15:37:13,536 - originNet_train - INFO - Epoch: 107
train_loss: 1.3546982391357423
valid_loss: 1.3823940914154054
train_accuracy: 0.5118
valid_accuracy: 0.4945
train_precision: 0.5071827718711095
valid_precision: 0.4907940202960878
train_recall: 0.5118
valid_recall: 0.4936
train_f1: 0.5075530195946729
valid_f1: 0.4905826138740271

2023-12-07 15:37:13,536 - originNet_train - INFO - Validation loss decreased (1.382394 --> 1.382394).  Saving model ...
2023-12-07 15:37:36,494 - originNet_train - INFO - Epoch: 108
train_loss: 1.351739659833908
valid_loss: 1.3796711452484132
train_accuracy: 0.510025
valid_accuracy: 0.4959
train_precision: 0.5109930979634335
valid_precision: 0.4981431800372988
train_recall: 0.51145
valid_recall: 0.4994
train_f1: 0.5084528867616224
valid_f1: 0.4960904678866129

2023-12-07 15:37:36,494 - originNet_train - INFO - Validation loss decreased (1.379671 --> 1.379671).  Saving model ...
2023-12-07 15:37:59,810 - originNet_train - INFO - Epoch: 109
train_loss: 1.3513301918029785
valid_loss: 1.377045251083374
train_accuracy: 0.515725
valid_accuracy: 0.4988
train_precision: 0.5066019081016508
valid_precision: 0.4883084051666268
train_recall: 0.5106
valid_recall: 0.4917
train_f1: 0.5044398261686119
valid_f1: 0.4858497577601511

2023-12-07 15:37:59,810 - originNet_train - INFO - Validation loss decreased (1.377045 --> 1.377045).  Saving model ...
2023-12-07 15:38:20,978 - originNet_train - INFO - Epoch: 110
train_loss: 1.347818156671524
valid_loss: 1.3704473392486571
train_accuracy: 0.5151
valid_accuracy: 0.5026
train_precision: 0.5128166956299457
valid_precision: 0.49727525036636855
train_recall: 0.5152
valid_recall: 0.5022
train_f1: 0.5073100517849674
valid_f1: 0.49447503044445174

2023-12-07 15:38:20,979 - originNet_train - INFO - Validation loss decreased (1.370447 --> 1.370447).  Saving model ...
2023-12-07 15:38:43,582 - originNet_train - INFO - Epoch: 111
train_loss: 1.3362187654972077
valid_loss: 1.3600884141921996
train_accuracy: 0.515825
valid_accuracy: 0.5018
train_precision: 0.5145626688839844
valid_precision: 0.4987221199898955
train_recall: 0.5194
valid_recall: 0.5041
train_f1: 0.5152651591814377
valid_f1: 0.4996652154129226

2023-12-07 15:38:43,582 - originNet_train - INFO - Validation loss decreased (1.360088 --> 1.360088).  Saving model ...
2023-12-07 15:39:04,732 - originNet_train - INFO - Epoch: 112
train_loss: 1.3443365980148316
valid_loss: 1.362948575592041
train_accuracy: 0.5152
valid_accuracy: 0.5008
train_precision: 0.5220319498751993
valid_precision: 0.4985491732988567
train_recall: 0.519625
valid_recall: 0.4977
train_f1: 0.5136691642030825
valid_f1: 0.491283099824452

2023-12-07 15:39:27,848 - originNet_train - INFO - Epoch: 113
train_loss: 1.3531262824058532
valid_loss: 1.378119535255432
train_accuracy: 0.5112
valid_accuracy: 0.4912
train_precision: 0.5171062434523579
valid_precision: 0.5005791935202918
train_recall: 0.51025
valid_recall: 0.4915
train_f1: 0.5047950408779616
valid_f1: 0.48646678404646454

2023-12-07 15:39:49,606 - originNet_train - INFO - Epoch: 114
train_loss: 1.3302971845149993
valid_loss: 1.3499776643753052
train_accuracy: 0.519925
valid_accuracy: 0.5091
train_precision: 0.5203786577787004
valid_precision: 0.5027021293419822
train_recall: 0.5256
valid_recall: 0.5074
train_f1: 0.5213026079203379
valid_f1: 0.5036299306184876

2023-12-07 15:39:49,606 - originNet_train - INFO - Validation loss decreased (1.349978 --> 1.349978).  Saving model ...
2023-12-07 15:40:12,428 - originNet_train - INFO - Epoch: 115
train_loss: 1.3224478530406951
valid_loss: 1.3519022396087645
train_accuracy: 0.524725
valid_accuracy: 0.5057
train_precision: 0.5222052387900911
valid_precision: 0.5056500915445512
train_recall: 0.5251
valid_recall: 0.5072
train_f1: 0.5204497484397148
valid_f1: 0.5037334998745653

2023-12-07 15:40:34,492 - originNet_train - INFO - Epoch: 116
train_loss: 1.3239616517543793
valid_loss: 1.348152723121643
train_accuracy: 0.52315
valid_accuracy: 0.5088
train_precision: 0.5274979857193182
valid_precision: 0.514446461569571
train_recall: 0.5243
valid_recall: 0.51
train_f1: 0.5225187057630164
valid_f1: 0.508702922468088

2023-12-07 15:40:34,492 - originNet_train - INFO - Validation loss decreased (1.348153 --> 1.348153).  Saving model ...
2023-12-07 15:40:58,168 - originNet_train - INFO - Epoch: 117
train_loss: 1.3133436101913452
valid_loss: 1.3342923570632934
train_accuracy: 0.53025
valid_accuracy: 0.5135
train_precision: 0.5226733557111598
valid_precision: 0.5125418539323883
train_recall: 0.527225
valid_recall: 0.5156
train_f1: 0.5205399019691711
valid_f1: 0.509709046928583

2023-12-07 15:40:58,168 - originNet_train - INFO - Validation loss decreased (1.334292 --> 1.334292).  Saving model ...
2023-12-07 15:41:20,821 - originNet_train - INFO - Epoch: 118
train_loss: 1.3060245677947997
valid_loss: 1.3403051275253295
train_accuracy: 0.527975
valid_accuracy: 0.5122
train_precision: 0.524476921728661
valid_precision: 0.5132261562179791
train_recall: 0.528475
valid_recall: 0.5182
train_f1: 0.5223429455140991
valid_f1: 0.5119091753092584

2023-12-07 15:41:45,734 - originNet_train - INFO - Epoch: 119
train_loss: 1.3118339940071106
valid_loss: 1.3405685932159424
train_accuracy: 0.5314
valid_accuracy: 0.5167
train_precision: 0.5312895427108429
valid_precision: 0.5169803490618641
train_recall: 0.529125
valid_recall: 0.5144
train_f1: 0.5268334116299472
valid_f1: 0.5122262309452702

2023-12-07 15:42:13,544 - originNet_train - INFO - Epoch: 120
train_loss: 1.301515013885498
valid_loss: 1.3241364070892334
train_accuracy: 0.535375
valid_accuracy: 0.5156
train_precision: 0.5307960505186432
valid_precision: 0.5143964978887037
train_recall: 0.532475
valid_recall: 0.5163
train_f1: 0.529825843037995
valid_f1: 0.5135092834605884

2023-12-07 15:42:13,545 - originNet_train - INFO - Validation loss decreased (1.324136 --> 1.324136).  Saving model ...
2023-12-07 15:42:36,803 - originNet_train - INFO - Epoch: 121
train_loss: 1.3004457504272462
valid_loss: 1.3334146595001222
train_accuracy: 0.530775
valid_accuracy: 0.5125
train_precision: 0.5324426047538281
valid_precision: 0.5198351335926864
train_recall: 0.530325
valid_recall: 0.5156
train_f1: 0.5249987190367466
valid_f1: 0.5112786104419995

2023-12-07 15:43:00,672 - originNet_train - INFO - Epoch: 122
train_loss: 1.3004329179286958
valid_loss: 1.3321858318328856
train_accuracy: 0.533825
valid_accuracy: 0.5186
train_precision: 0.5333129532317294
valid_precision: 0.5224211145844911
train_recall: 0.5341
valid_recall: 0.5206
train_f1: 0.529259079338278
valid_f1: 0.5163576252732762

2023-12-07 15:43:22,381 - originNet_train - INFO - Epoch: 123
train_loss: 1.296190438270569
valid_loss: 1.3231409613609313
train_accuracy: 0.532725
valid_accuracy: 0.5153
train_precision: 0.5306297184523666
valid_precision: 0.5115796924561783
train_recall: 0.53345
valid_recall: 0.5152
train_f1: 0.5259411149718689
valid_f1: 0.5074358080149972

2023-12-07 15:43:22,381 - originNet_train - INFO - Validation loss decreased (1.323141 --> 1.323141).  Saving model ...
2023-12-07 15:43:46,049 - originNet_train - INFO - Epoch: 124
train_loss: 1.2866114699840545
valid_loss: 1.3161237526893617
train_accuracy: 0.53725
valid_accuracy: 0.5241
train_precision: 0.5373223835837653
valid_precision: 0.5212618477608371
train_recall: 0.53595
valid_recall: 0.5217
train_f1: 0.5288856421784728
valid_f1: 0.5147463328222982

2023-12-07 15:43:46,049 - originNet_train - INFO - Validation loss decreased (1.316124 --> 1.316124).  Saving model ...
2023-12-07 15:44:07,582 - originNet_train - INFO - Epoch: 125
train_loss: 1.2831635001659394
valid_loss: 1.3072337383270263
train_accuracy: 0.540025
valid_accuracy: 0.5226
train_precision: 0.5309706170185122
valid_precision: 0.5184155805660204
train_recall: 0.536575
valid_recall: 0.5254
train_f1: 0.5310444156306208
valid_f1: 0.5195012660358921

2023-12-07 15:44:07,582 - originNet_train - INFO - Validation loss decreased (1.307234 --> 1.307234).  Saving model ...
2023-12-07 15:44:29,638 - originNet_train - INFO - Epoch: 126
train_loss: 1.2848303326606751
valid_loss: 1.3114113569259644
train_accuracy: 0.537525
valid_accuracy: 0.5245
train_precision: 0.5389990858211702
valid_precision: 0.5250895039999288
train_recall: 0.53995
valid_recall: 0.5265
train_f1: 0.535784303727297
valid_f1: 0.522263185764699

2023-12-07 15:44:52,366 - originNet_train - INFO - Epoch: 127
train_loss: 1.2752068716049194
valid_loss: 1.3113585683822633
train_accuracy: 0.543175
valid_accuracy: 0.5217
train_precision: 0.5428687572322028
valid_precision: 0.5280179950092763
train_recall: 0.5441
valid_recall: 0.5274
train_f1: 0.5413200391664947
valid_f1: 0.525564007959644

2023-12-07 15:45:18,525 - originNet_train - INFO - Epoch: 128
train_loss: 1.2842351126194
valid_loss: 1.3154029260635376
train_accuracy: 0.535775
valid_accuracy: 0.5245
train_precision: 0.5380020944336693
valid_precision: 0.521588724610115
train_recall: 0.53875
valid_recall: 0.5224
train_f1: 0.5302149088951946
valid_f1: 0.5141826405513483

2023-12-07 15:45:43,369 - originNet_train - INFO - Epoch: 129
train_loss: 1.266691378211975
valid_loss: 1.3048029111862183
train_accuracy: 0.546025
valid_accuracy: 0.53
train_precision: 0.5445588407190796
valid_precision: 0.5224622872261334
train_recall: 0.544825
valid_recall: 0.5196
train_f1: 0.5426359023230078
valid_f1: 0.5182718991041271

2023-12-07 15:45:43,369 - originNet_train - INFO - Validation loss decreased (1.304803 --> 1.304803).  Saving model ...
2023-12-07 15:46:06,413 - originNet_train - INFO - Epoch: 130
train_loss: 1.2661771702766418
valid_loss: 1.3033656987190247
train_accuracy: 0.547075
valid_accuracy: 0.5253
train_precision: 0.5451101988428071
valid_precision: 0.5291854806304763
train_recall: 0.546175
valid_recall: 0.5306
train_f1: 0.5437859901085235
valid_f1: 0.5283106985235293

2023-12-07 15:46:06,413 - originNet_train - INFO - Validation loss decreased (1.303366 --> 1.303366).  Saving model ...
2023-12-07 15:46:29,061 - originNet_train - INFO - Epoch: 131
train_loss: 1.268455634212494
valid_loss: 1.3007458707809447
train_accuracy: 0.543775
valid_accuracy: 0.5276
train_precision: 0.5408650594142945
valid_precision: 0.5221926370245301
train_recall: 0.54305
valid_recall: 0.5254
train_f1: 0.5340774198925121
valid_f1: 0.5169792143194317

2023-12-07 15:46:29,062 - originNet_train - INFO - Validation loss decreased (1.300746 --> 1.300746).  Saving model ...
2023-12-07 15:46:53,577 - originNet_train - INFO - Epoch: 132
train_loss: 1.2685818699359894
valid_loss: 1.289866886138916
train_accuracy: 0.54735
valid_accuracy: 0.5304
train_precision: 0.5451343741628125
valid_precision: 0.5269648128704676
train_recall: 0.54555
valid_recall: 0.5294
train_f1: 0.5409977476943685
valid_f1: 0.5240206656320368

2023-12-07 15:46:53,578 - originNet_train - INFO - Validation loss decreased (1.289867 --> 1.289867).  Saving model ...
2023-12-07 15:47:19,803 - originNet_train - INFO - Epoch: 133
train_loss: 1.2612870361804962
valid_loss: 1.2984025022506713
train_accuracy: 0.54905
valid_accuracy: 0.5274
train_precision: 0.5550745881184361
valid_precision: 0.5335338406995326
train_recall: 0.5468
valid_recall: 0.5253
train_f1: 0.5462397072184746
valid_f1: 0.5247612073919072

2023-12-07 15:47:45,288 - originNet_train - INFO - Epoch: 134
train_loss: 1.2598652772903443
valid_loss: 1.2861231622695923
train_accuracy: 0.54965
valid_accuracy: 0.53
train_precision: 0.5527921072114639
valid_precision: 0.5355550394221734
train_recall: 0.548975
valid_recall: 0.5329
train_f1: 0.5455783211791481
valid_f1: 0.5294642756618451

2023-12-07 15:47:45,288 - originNet_train - INFO - Validation loss decreased (1.286123 --> 1.286123).  Saving model ...
2023-12-07 15:48:10,543 - originNet_train - INFO - Epoch: 135
train_loss: 1.2455048611164092
valid_loss: 1.2814823419570922
train_accuracy: 0.55615
valid_accuracy: 0.5345
train_precision: 0.5477076627360106
valid_precision: 0.5318228050978744
train_recall: 0.553425
valid_recall: 0.5371
train_f1: 0.5487202751786809
valid_f1: 0.5328172131225978

2023-12-07 15:48:10,544 - originNet_train - INFO - Validation loss decreased (1.281482 --> 1.281482).  Saving model ...
2023-12-07 15:48:34,305 - originNet_train - INFO - Epoch: 136
train_loss: 1.2423088273048402
valid_loss: 1.279333095741272
train_accuracy: 0.554675
valid_accuracy: 0.5387
train_precision: 0.5512770854104574
valid_precision: 0.5340866616140185
train_recall: 0.5548
valid_recall: 0.5379
train_f1: 0.5507040454204226
valid_f1: 0.5337563180718069

2023-12-07 15:48:34,305 - originNet_train - INFO - Validation loss decreased (1.279333 --> 1.279333).  Saving model ...
2023-12-07 15:48:59,083 - originNet_train - INFO - Epoch: 137
train_loss: 1.2437243866443635
valid_loss: 1.2809040245056151
train_accuracy: 0.55735
valid_accuracy: 0.5374
train_precision: 0.5569696146763616
valid_precision: 0.5390161219957906
train_recall: 0.5567
valid_recall: 0.5373
train_f1: 0.5550540475763601
valid_f1: 0.535749353756553

2023-12-07 15:49:21,595 - originNet_train - INFO - Epoch: 138
train_loss: 1.2444168405056
valid_loss: 1.2808354444503784
train_accuracy: 0.553025
valid_accuracy: 0.5373
train_precision: 0.5578278256152716
valid_precision: 0.5441635617315284
train_recall: 0.55565
valid_recall: 0.5411
train_f1: 0.5543620579697612
valid_f1: 0.5401968184927944

2023-12-07 15:49:44,860 - originNet_train - INFO - Epoch: 139
train_loss: 1.2431393056869506
valid_loss: 1.2767863456726074
train_accuracy: 0.5551
valid_accuracy: 0.5364
train_precision: 0.5557836562505538
valid_precision: 0.5338019540652859
train_recall: 0.558425
valid_recall: 0.5359
train_f1: 0.5530799371242126
valid_f1: 0.5310013057522674

2023-12-07 15:49:44,860 - originNet_train - INFO - Validation loss decreased (1.276786 --> 1.276786).  Saving model ...
2023-12-07 15:50:06,975 - originNet_train - INFO - Epoch: 140
train_loss: 1.2399703132629394
valid_loss: 1.2772208032608032
train_accuracy: 0.556925
valid_accuracy: 0.5383
train_precision: 0.5552918753621249
valid_precision: 0.5402703032823967
train_recall: 0.556
valid_recall: 0.5403
train_f1: 0.5490540590812181
valid_f1: 0.5340428214022558

2023-12-07 15:50:33,123 - originNet_train - INFO - Epoch: 141
train_loss: 1.2330643040180207
valid_loss: 1.2746202299118041
train_accuracy: 0.558325
valid_accuracy: 0.5385
train_precision: 0.5594108880155352
valid_precision: 0.5430191048667333
train_recall: 0.558425
valid_recall: 0.5407
train_f1: 0.5557261761983152
valid_f1: 0.5386751771603222

2023-12-07 15:50:33,123 - originNet_train - INFO - Validation loss decreased (1.274620 --> 1.274620).  Saving model ...
2023-12-07 15:50:55,620 - originNet_train - INFO - Epoch: 142
train_loss: 1.2277457683086395
valid_loss: 1.2701876346588135
train_accuracy: 0.5614
valid_accuracy: 0.5401
train_precision: 0.561203469674215
valid_precision: 0.543700302010865
train_recall: 0.56035
valid_recall: 0.5425
train_f1: 0.5579841389650295
valid_f1: 0.5403244515330768

2023-12-07 15:50:55,620 - originNet_train - INFO - Validation loss decreased (1.270188 --> 1.270188).  Saving model ...
2023-12-07 15:51:23,067 - originNet_train - INFO - Epoch: 143
train_loss: 1.2246236625194549
valid_loss: 1.2616495447158813
train_accuracy: 0.5583
valid_accuracy: 0.5462
train_precision: 0.55736704450343
valid_precision: 0.5426950062878113
train_recall: 0.561525
valid_recall: 0.5465
train_f1: 0.5550199338887312
valid_f1: 0.5403211224406628

2023-12-07 15:51:23,067 - originNet_train - INFO - Validation loss decreased (1.261650 --> 1.261650).  Saving model ...
2023-12-07 15:51:52,099 - originNet_train - INFO - Epoch: 144
train_loss: 1.252048868894577
valid_loss: 1.2966118692398072
train_accuracy: 0.553575
valid_accuracy: 0.5346
train_precision: 0.5647272760295957
valid_precision: 0.5426082985192308
train_recall: 0.55425
valid_recall: 0.5327
train_f1: 0.5538169925879065
valid_f1: 0.5320263593570278

2023-12-07 15:52:14,964 - originNet_train - INFO - Epoch: 145
train_loss: 1.2321919540405273
valid_loss: 1.2711414905548095
train_accuracy: 0.56325
valid_accuracy: 0.5415
train_precision: 0.5704486609512733
valid_precision: 0.5474222488998821
train_recall: 0.561425
valid_recall: 0.5394
train_f1: 0.5614630476373863
valid_f1: 0.5397829801500619

2023-12-07 15:52:40,160 - originNet_train - INFO - Epoch: 146
train_loss: 1.2267745643615722
valid_loss: 1.2706108863830567
train_accuracy: 0.561425
valid_accuracy: 0.5415
train_precision: 0.5605157759889494
valid_precision: 0.5436249937273244
train_recall: 0.561025
valid_recall: 0.5456
train_f1: 0.5573916520522567
valid_f1: 0.5416735819129012

2023-12-07 15:53:02,980 - originNet_train - INFO - Epoch: 147
train_loss: 1.2126104012489318
valid_loss: 1.2514644163131714
train_accuracy: 0.569325
valid_accuracy: 0.547
train_precision: 0.5660457391504553
valid_precision: 0.5449313829673919
train_recall: 0.56865
valid_recall: 0.549
train_f1: 0.5651438790379584
valid_f1: 0.5452594045540573

2023-12-07 15:53:02,980 - originNet_train - INFO - Validation loss decreased (1.251464 --> 1.251464).  Saving model ...
2023-12-07 15:53:28,341 - originNet_train - INFO - Epoch: 148
train_loss: 1.216219510936737
valid_loss: 1.2549786027908325
train_accuracy: 0.568425
valid_accuracy: 0.5466
train_precision: 0.5668568844529519
valid_precision: 0.5504922746056353
train_recall: 0.56585
valid_recall: 0.5491
train_f1: 0.5628191709980719
valid_f1: 0.5466920553387826

2023-12-07 15:53:51,896 - originNet_train - INFO - Epoch: 149
train_loss: 1.215737662744522
valid_loss: 1.264274868583679
train_accuracy: 0.568575
valid_accuracy: 0.5434
train_precision: 0.5717182798122371
valid_precision: 0.5510692608894954
train_recall: 0.566575
valid_recall: 0.5456
train_f1: 0.5671424683097953
valid_f1: 0.5463838818741995

2023-12-07 15:54:16,743 - originNet_train - INFO - Epoch: 150
train_loss: 1.2133667652606963
valid_loss: 1.2553567378997803
train_accuracy: 0.5675
valid_accuracy: 0.5443
train_precision: 0.5760171859768047
valid_precision: 0.5558245150107326
train_recall: 0.5682
valid_recall: 0.5498
train_f1: 0.5694890470492707
valid_f1: 0.5505835009028635

